{"/Users/notspencer/Documents/woofer/server/config/config.js": {"path":"/Users/notspencer/Documents/woofer/server/config/config.js","statementMap":{"0":{"start":{"line":7,"column":15},"end":{"line":7,"column":32}},"1":{"start":{"line":8,"column":13},"end":{"line":8,"column":28}},"2":{"start":{"line":9,"column":12},"end":{"line":9,"column":26}},"3":{"start":{"line":11,"column":0},"end":{"line":11,"column":59}},"4":{"start":{"line":13,"column":22},"end":{"line":21,"column":12}},"5":{"start":{"line":23,"column":34},"end":{"line":25,"column":24}},"6":{"start":{"line":27,"column":0},"end":{"line":29,"column":1}},"7":{"start":{"line":28,"column":2},"end":{"line":28,"column":62}},"8":{"start":{"line":31,"column":0},"end":{"line":40,"column":1}}},"fnMap":{},"branchMap":{"0":{"loc":{"start":{"line":27,"column":0},"end":{"line":29,"column":1}},"type":"if","locations":[{"start":{"line":27,"column":0},"end":{"line":29,"column":1}},{"start":{},"end":{}}],"line":27}},"s":{"0":21,"1":21,"2":21,"3":21,"4":21,"5":21,"6":21,"7":0,"8":21},"f":{},"b":{"0":[0,21]},"_coverageSchema":"1a1c01bbd47fc00a2c39e90264f33305004495a9","hash":"ffca9f9fca62360e04b1bc77e31cf9fb0a16f2dc"}
,"/Users/notspencer/Documents/woofer/server/config/constants.js": {"path":"/Users/notspencer/Documents/woofer/server/config/constants.js","statementMap":{"0":{"start":{"line":1,"column":12},"end":{"line":1,"column":26}},"1":{"start":{"line":14,"column":4},"end":{"line":14,"column":30}},"2":{"start":{"line":16,"column":17},"end":{"line":16,"column":37}},"3":{"start":{"line":18,"column":0},"end":{"line":29,"column":1}}},"fnMap":{},"branchMap":{},"s":{"0":21,"1":21,"2":21,"3":21},"f":{},"b":{},"_coverageSchema":"1a1c01bbd47fc00a2c39e90264f33305004495a9","hash":"9f9e35b44c7a7cbe974d28648490a236d1786536"}
,"/Users/notspencer/Documents/woofer/server/config/logger.js": {"path":"/Users/notspencer/Documents/woofer/server/config/logger.js","statementMap":{"0":{"start":{"line":1,"column":16},"end":{"line":1,"column":34}},"1":{"start":{"line":2,"column":15},"end":{"line":2,"column":34}},"2":{"start":{"line":4,"column":29},"end":{"line":9,"column":2}},"3":{"start":{"line":5,"column":2},"end":{"line":7,"column":3}},"4":{"start":{"line":6,"column":4},"end":{"line":6,"column":48}},"5":{"start":{"line":8,"column":2},"end":{"line":8,"column":13}},"6":{"start":{"line":11,"column":15},"end":{"line":26,"column":2}},"7":{"start":{"line":19,"column":50},"end":{"line":19,"column":72}},"8":{"start":{"line":28,"column":0},"end":{"line":28,"column":23}}},"fnMap":{"0":{"name":"(anonymous_0)","decl":{"start":{"line":4,"column":44},"end":{"line":4,"column":45}},"loc":{"start":{"line":4,"column":54},"end":{"line":9,"column":1}},"line":4},"1":{"name":"(anonymous_1)","decl":{"start":{"line":19,"column":26},"end":{"line":19,"column":27}},"loc":{"start":{"line":19,"column":50},"end":{"line":19,"column":72}},"line":19}},"branchMap":{"0":{"loc":{"start":{"line":5,"column":2},"end":{"line":7,"column":3}},"type":"if","locations":[{"start":{"line":5,"column":2},"end":{"line":7,"column":3}},{"start":{},"end":{}}],"line":5},"1":{"loc":{"start":{"line":12,"column":9},"end":{"line":12,"column":56}},"type":"cond-expr","locations":[{"start":{"line":12,"column":40},"end":{"line":12,"column":47}},{"start":{"line":12,"column":50},"end":{"line":12,"column":56}}],"line":12},"2":{"loc":{"start":{"line":15,"column":4},"end":{"line":17,"column":35}},"type":"cond-expr","locations":[{"start":{"line":16,"column":8},"end":{"line":16,"column":33}},{"start":{"line":17,"column":8},"end":{"line":17,"column":35}}],"line":15}},"s":{"0":21,"1":21,"2":21,"3":44,"4":0,"5":44,"6":21,"7":44,"8":21},"f":{"0":44,"1":44},"b":{"0":[0,44],"1":[0,21],"2":[0,21]},"_coverageSchema":"1a1c01bbd47fc00a2c39e90264f33305004495a9","hash":"cde7ca0e0c43d07ae6fba75985c2a9fc1e21ef89"}
,"/Users/notspencer/Documents/woofer/server/config/morgan.js": {"path":"/Users/notspencer/Documents/woofer/server/config/morgan.js","statementMap":{"0":{"start":{"line":1,"column":15},"end":{"line":1,"column":32}},"1":{"start":{"line":2,"column":15},"end":{"line":2,"column":34}},"2":{"start":{"line":3,"column":15},"end":{"line":3,"column":34}},"3":{"start":{"line":5,"column":0},"end":{"line":5,"column":68}},"4":{"start":{"line":5,"column":38},"end":{"line":5,"column":67}},"5":{"start":{"line":7,"column":20},"end":{"line":7,"column":80}},"6":{"start":{"line":7,"column":27},"end":{"line":7,"column":79}},"7":{"start":{"line":8,"column":30},"end":{"line":8,"column":88}},"8":{"start":{"line":9,"column":28},"end":{"line":9,"column":106}},"9":{"start":{"line":11,"column":23},"end":{"line":14,"column":2}},"10":{"start":{"line":12,"column":22},"end":{"line":12,"column":43}},"11":{"start":{"line":13,"column":32},"end":{"line":13,"column":59}},"12":{"start":{"line":16,"column":21},"end":{"line":19,"column":2}},"13":{"start":{"line":17,"column":22},"end":{"line":17,"column":42}},"14":{"start":{"line":18,"column":32},"end":{"line":18,"column":60}},"15":{"start":{"line":21,"column":0},"end":{"line":24,"column":1}}},"fnMap":{"0":{"name":"(anonymous_0)","decl":{"start":{"line":5,"column":24},"end":{"line":5,"column":25}},"loc":{"start":{"line":5,"column":38},"end":{"line":5,"column":67}},"line":5},"1":{"name":"(anonymous_1)","decl":{"start":{"line":7,"column":20},"end":{"line":7,"column":21}},"loc":{"start":{"line":7,"column":27},"end":{"line":7,"column":79}},"line":7},"2":{"name":"(anonymous_2)","decl":{"start":{"line":12,"column":8},"end":{"line":12,"column":9}},"loc":{"start":{"line":12,"column":22},"end":{"line":12,"column":43}},"line":12},"3":{"name":"(anonymous_3)","decl":{"start":{"line":13,"column":19},"end":{"line":13,"column":20}},"loc":{"start":{"line":13,"column":32},"end":{"line":13,"column":59}},"line":13},"4":{"name":"(anonymous_4)","decl":{"start":{"line":17,"column":8},"end":{"line":17,"column":9}},"loc":{"start":{"line":17,"column":22},"end":{"line":17,"column":42}},"line":17},"5":{"name":"(anonymous_5)","decl":{"start":{"line":18,"column":19},"end":{"line":18,"column":20}},"loc":{"start":{"line":18,"column":32},"end":{"line":18,"column":60}},"line":18}},"branchMap":{"0":{"loc":{"start":{"line":5,"column":38},"end":{"line":5,"column":67}},"type":"binary-expr","locations":[{"start":{"line":5,"column":38},"end":{"line":5,"column":61}},{"start":{"line":5,"column":65},"end":{"line":5,"column":67}}],"line":5},"1":{"loc":{"start":{"line":7,"column":27},"end":{"line":7,"column":79}},"type":"cond-expr","locations":[{"start":{"line":7,"column":57},"end":{"line":7,"column":74}},{"start":{"line":7,"column":77},"end":{"line":7,"column":79}}],"line":7}},"s":{"0":21,"1":21,"2":21,"3":21,"4":2,"5":21,"6":42,"7":21,"8":21,"9":21,"10":41,"11":39,"12":21,"13":41,"14":2,"15":21},"f":{"0":2,"1":42,"2":41,"3":39,"4":41,"5":2},"b":{"0":[2,1],"1":[0,42]},"_coverageSchema":"1a1c01bbd47fc00a2c39e90264f33305004495a9","hash":"4139b694a47a54b8e6abb93ee351ad874e4ae940"}
,"/Users/notspencer/Documents/woofer/server/src/app.js": {"path":"/Users/notspencer/Documents/woofer/server/src/app.js","statementMap":{"0":{"start":{"line":1,"column":16},"end":{"line":1,"column":34}},"1":{"start":{"line":2,"column":13},"end":{"line":2,"column":28}},"2":{"start":{"line":3,"column":15},"end":{"line":3,"column":32}},"3":{"start":{"line":4,"column":12},"end":{"line":4,"column":32}},"4":{"start":{"line":5,"column":22},"end":{"line":5,"column":55}},"5":{"start":{"line":6,"column":20},"end":{"line":6,"column":42}},"6":{"start":{"line":7,"column":13},"end":{"line":7,"column":28}},"7":{"start":{"line":9,"column":19},"end":{"line":9,"column":41}},"8":{"start":{"line":10,"column":15},"end":{"line":10,"column":42}},"9":{"start":{"line":11,"column":15},"end":{"line":11,"column":42}},"10":{"start":{"line":13,"column":24},"end":{"line":13,"column":60}},"11":{"start":{"line":14,"column":15},"end":{"line":14,"column":34}},"12":{"start":{"line":15,"column":41},"end":{"line":15,"column":71}},"13":{"start":{"line":16,"column":17},"end":{"line":16,"column":44}},"14":{"start":{"line":18,"column":12},"end":{"line":18,"column":21}},"15":{"start":{"line":20,"column":0},"end":{"line":23,"column":1}},"16":{"start":{"line":21,"column":2},"end":{"line":21,"column":32}},"17":{"start":{"line":22,"column":2},"end":{"line":22,"column":30}},"18":{"start":{"line":26,"column":0},"end":{"line":26,"column":17}},"19":{"start":{"line":29,"column":0},"end":{"line":29,"column":23}},"20":{"start":{"line":32,"column":0},"end":{"line":32,"column":47}},"21":{"start":{"line":35,"column":0},"end":{"line":35,"column":14}},"22":{"start":{"line":36,"column":0},"end":{"line":36,"column":24}},"23":{"start":{"line":39,"column":0},"end":{"line":39,"column":22}},"24":{"start":{"line":51,"column":0},"end":{"line":58,"column":2}},"25":{"start":{"line":52,"column":2},"end":{"line":52,"column":48}},"26":{"start":{"line":53,"column":2},"end":{"line":56,"column":3}},"27":{"start":{"line":57,"column":2},"end":{"line":57,"column":8}},"28":{"start":{"line":60,"column":24},"end":{"line":60,"column":54}},"29":{"start":{"line":61,"column":0},"end":{"line":61,"column":24}},"30":{"start":{"line":62,"column":0},"end":{"line":62,"column":79}},"31":{"start":{"line":66,"column":0},"end":{"line":68,"column":2}},"32":{"start":{"line":67,"column":2},"end":{"line":67,"column":83}},"33":{"start":{"line":71,"column":0},"end":{"line":71,"column":23}},"34":{"start":{"line":74,"column":0},"end":{"line":76,"column":2}},"35":{"start":{"line":75,"column":2},"end":{"line":75,"column":64}},"36":{"start":{"line":79,"column":0},"end":{"line":79,"column":23}},"37":{"start":{"line":82,"column":0},"end":{"line":82,"column":21}},"38":{"start":{"line":84,"column":0},"end":{"line":84,"column":20}}},"fnMap":{"0":{"name":"(anonymous_0)","decl":{"start":{"line":51,"column":8},"end":{"line":51,"column":9}},"loc":{"start":{"line":51,"column":34},"end":{"line":58,"column":1}},"line":51},"1":{"name":"(anonymous_1)","decl":{"start":{"line":66,"column":23},"end":{"line":66,"column":24}},"loc":{"start":{"line":66,"column":43},"end":{"line":68,"column":1}},"line":66},"2":{"name":"(anonymous_2)","decl":{"start":{"line":74,"column":8},"end":{"line":74,"column":9}},"loc":{"start":{"line":74,"column":28},"end":{"line":76,"column":1}},"line":74}},"branchMap":{"0":{"loc":{"start":{"line":20,"column":0},"end":{"line":23,"column":1}},"type":"if","locations":[{"start":{"line":20,"column":0},"end":{"line":23,"column":1}},{"start":{},"end":{}}],"line":20}},"s":{"0":21,"1":21,"2":21,"3":21,"4":21,"5":21,"6":21,"7":21,"8":21,"9":21,"10":21,"11":21,"12":21,"13":21,"14":21,"15":21,"16":21,"17":21,"18":21,"19":21,"20":21,"21":21,"22":21,"23":21,"24":21,"25":41,"26":41,"27":41,"28":21,"29":21,"30":21,"31":21,"32":0,"33":21,"34":21,"35":1,"36":21,"37":21,"38":21},"f":{"0":41,"1":0,"2":1},"b":{"0":[21,0]},"_coverageSchema":"1a1c01bbd47fc00a2c39e90264f33305004495a9","hash":"668ec2d77240e34136ef844bdc884a753341b5e0"}
,"/Users/notspencer/Documents/woofer/server/src/database.js": {"path":"/Users/notspencer/Documents/woofer/server/src/database.js","statementMap":{"0":{"start":{"line":2,"column":17},"end":{"line":2,"column":36}},"1":{"start":{"line":3,"column":15},"end":{"line":3,"column":42}},"2":{"start":{"line":4,"column":15},"end":{"line":4,"column":42}},"3":{"start":{"line":5,"column":21},"end":{"line":5,"column":36}},"4":{"start":{"line":7,"column":30},"end":{"line":7,"column":62}},"5":{"start":{"line":8,"column":13},"end":{"line":8,"column":17}},"6":{"start":{"line":10,"column":18},"end":{"line":27,"column":1}},"7":{"start":{"line":11,"column":2},"end":{"line":26,"column":3}},"8":{"start":{"line":12,"column":16},"end":{"line":12,"column":32}},"9":{"start":{"line":13,"column":4},"end":{"line":16,"column":5}},"10":{"start":{"line":14,"column":6},"end":{"line":14,"column":47}},"11":{"start":{"line":15,"column":6},"end":{"line":15,"column":29}},"12":{"start":{"line":18,"column":17},"end":{"line":18,"column":68}},"13":{"start":{"line":20,"column":4},"end":{"line":22,"column":5}},"14":{"start":{"line":21,"column":6},"end":{"line":21,"column":63}},"15":{"start":{"line":24,"column":4},"end":{"line":24,"column":20}},"16":{"start":{"line":25,"column":4},"end":{"line":25,"column":19}},"17":{"start":{"line":29,"column":21},"end":{"line":39,"column":1}},"18":{"start":{"line":30,"column":2},"end":{"line":38,"column":3}},"19":{"start":{"line":31,"column":4},"end":{"line":31,"column":37}},"20":{"start":{"line":32,"column":4},"end":{"line":34,"column":5}},"21":{"start":{"line":33,"column":6},"end":{"line":33,"column":25}},"22":{"start":{"line":36,"column":4},"end":{"line":36,"column":21}},"23":{"start":{"line":37,"column":4},"end":{"line":37,"column":19}},"24":{"start":{"line":41,"column":0},"end":{"line":41,"column":77}}},"fnMap":{"0":{"name":"(anonymous_0)","decl":{"start":{"line":10,"column":18},"end":{"line":10,"column":19}},"loc":{"start":{"line":10,"column":30},"end":{"line":27,"column":1}},"line":10},"1":{"name":"(anonymous_1)","decl":{"start":{"line":29,"column":21},"end":{"line":29,"column":22}},"loc":{"start":{"line":29,"column":33},"end":{"line":39,"column":1}},"line":29}},"branchMap":{"0":{"loc":{"start":{"line":13,"column":4},"end":{"line":16,"column":5}},"type":"if","locations":[{"start":{"line":13,"column":4},"end":{"line":16,"column":5}},{"start":{},"end":{}}],"line":13},"1":{"loc":{"start":{"line":20,"column":4},"end":{"line":22,"column":5}},"type":"if","locations":[{"start":{"line":20,"column":4},"end":{"line":22,"column":5}},{"start":{},"end":{}}],"line":20},"2":{"loc":{"start":{"line":32,"column":4},"end":{"line":34,"column":5}},"type":"if","locations":[{"start":{"line":32,"column":4},"end":{"line":34,"column":5}},{"start":{},"end":{}}],"line":32}},"s":{"0":21,"1":21,"2":21,"3":21,"4":21,"5":21,"6":21,"7":21,"8":21,"9":21,"10":21,"11":21,"12":21,"13":21,"14":0,"15":0,"16":0,"17":21,"18":0,"19":0,"20":0,"21":0,"22":0,"23":0,"24":21},"f":{"0":21,"1":0},"b":{"0":[21,0],"1":[0,21],"2":[0,0]},"_coverageSchema":"1a1c01bbd47fc00a2c39e90264f33305004495a9","hash":"d0e618f6cbc06eb0c915e6b9931132d5b688526c"}
,"/Users/notspencer/Documents/woofer/server/src/controllers/controllerHelpers/helpers.js": {"path":"/Users/notspencer/Documents/woofer/server/src/controllers/controllerHelpers/helpers.js","statementMap":{"0":{"start":{"line":1,"column":31},"end":{"line":1,"column":76}},"1":{"start":{"line":2,"column":30},"end":{"line":2,"column":74}},"2":{"start":{"line":3,"column":26},"end":{"line":3,"column":66}},"3":{"start":{"line":4,"column":18},"end":{"line":4,"column":54}},"4":{"start":{"line":6,"column":26},"end":{"line":13,"column":1}},"5":{"start":{"line":15,"column":0},"end":{"line":15,"column":34}}},"fnMap":{},"branchMap":{},"s":{"0":21,"1":21,"2":21,"3":21,"4":21,"5":21},"f":{},"b":{},"_coverageSchema":"1a1c01bbd47fc00a2c39e90264f33305004495a9","hash":"efa4f90a3b1381250fa57e1cae524090ab62d254"}
,"/Users/notspencer/Documents/woofer/server/src/controllers/controllerHelpers/chats/addChatIdToUserProfile.js": {"path":"/Users/notspencer/Documents/woofer/server/src/controllers/controllerHelpers/chats/addChatIdToUserProfile.js","statementMap":{"0":{"start":{"line":1,"column":26},"end":{"line":1,"column":62}},"1":{"start":{"line":2,"column":27},"end":{"line":2,"column":64}},"2":{"start":{"line":4,"column":26},"end":{"line":4,"column":47}},"3":{"start":{"line":7,"column":2},"end":{"line":28,"column":3}},"4":{"start":{"line":8,"column":2},"end":{"line":28,"column":3}},"5":{"start":{"line":9,"column":4},"end":{"line":27,"column":6}},"6":{"start":{"line":11,"column":55},"end":{"line":11,"column":66}},"7":{"start":{"line":13,"column":28},"end":{"line":13,"column":50}},"8":{"start":{"line":14,"column":26},"end":{"line":14,"column":60}},"9":{"start":{"line":16,"column":20},"end":{"line":18,"column":7}},"10":{"start":{"line":19,"column":21},"end":{"line":23,"column":7}},"11":{"start":{"line":24,"column":22},"end":{"line":24,"column":24}},"12":{"start":{"line":26,"column":6},"end":{"line":26,"column":60}},"13":{"start":{"line":30,"column":0},"end":{"line":30,"column":58}}},"fnMap":{"0":{"name":"(anonymous_0)","decl":{"start":{"line":7,"column":2},"end":{"line":7,"column":3}},"loc":{"start":{"line":8,"column":2},"end":{"line":28,"column":3}},"line":8},"1":{"name":"(anonymous_1)","decl":{"start":{"line":8,"column":2},"end":{"line":8,"column":3}},"loc":{"start":{"line":8,"column":38},"end":{"line":28,"column":3}},"line":8},"2":{"name":"(anonymous_2)","decl":{"start":{"line":9,"column":64},"end":{"line":9,"column":65}},"loc":{"start":{"line":9,"column":81},"end":{"line":27,"column":5}},"line":9}},"branchMap":{},"s":{"0":21,"1":21,"2":21,"3":21,"4":21,"5":0,"6":0,"7":0,"8":0,"9":0,"10":0,"11":0,"12":0,"13":21},"f":{"0":21,"1":0,"2":0},"b":{},"_coverageSchema":"1a1c01bbd47fc00a2c39e90264f33305004495a9","hash":"fcfa1400736aa5510a5e3f9bc2b231a9b889ad72"}
,"/Users/notspencer/Documents/woofer/server/src/controllers/controllerHelpers/chats/generateTwoUserChat.js": {"path":"/Users/notspencer/Documents/woofer/server/src/controllers/controllerHelpers/chats/generateTwoUserChat.js","statementMap":{"0":{"start":{"line":1,"column":26},"end":{"line":1,"column":47}},"1":{"start":{"line":4,"column":2},"end":{"line":12,"column":3}},"2":{"start":{"line":9,"column":2},"end":{"line":12,"column":3}},"3":{"start":{"line":11,"column":4},"end":{"line":11,"column":48}},"4":{"start":{"line":14,"column":0},"end":{"line":14,"column":36}}},"fnMap":{"0":{"name":"(anonymous_0)","decl":{"start":{"line":4,"column":2},"end":{"line":4,"column":3}},"loc":{"start":{"line":9,"column":2},"end":{"line":12,"column":3}},"line":9},"1":{"name":"(anonymous_1)","decl":{"start":{"line":9,"column":2},"end":{"line":9,"column":3}},"loc":{"start":{"line":9,"column":8},"end":{"line":12,"column":3}},"line":9}},"branchMap":{},"s":{"0":21,"1":21,"2":0,"3":0,"4":21},"f":{"0":0,"1":0},"b":{},"_coverageSchema":"1a1c01bbd47fc00a2c39e90264f33305004495a9","hash":"4b9c94ea7b19bf0d78d3091d1aeb8695855e6855"}
,"/Users/notspencer/Documents/woofer/server/src/controllers/controllerHelpers/matches/fetchMatchRecord/index.js": {"path":"/Users/notspencer/Documents/woofer/server/src/controllers/controllerHelpers/matches/fetchMatchRecord/index.js","statementMap":{"0":{"start":{"line":1,"column":26},"end":{"line":1,"column":50}},"1":{"start":{"line":4,"column":2},"end":{"line":25,"column":3}},"2":{"start":{"line":5,"column":2},"end":{"line":25,"column":3}},"3":{"start":{"line":6,"column":23},"end":{"line":6,"column":79}},"4":{"start":{"line":7,"column":4},"end":{"line":13,"column":5}},"5":{"start":{"line":8,"column":18},"end":{"line":8,"column":67}},"6":{"start":{"line":9,"column":26},"end":{"line":11,"column":8}},"7":{"start":{"line":10,"column":8},"end":{"line":10,"column":19}},"8":{"start":{"line":12,"column":6},"end":{"line":12,"column":24}},"9":{"start":{"line":15,"column":4},"end":{"line":24,"column":5}},"10":{"start":{"line":17,"column":8},"end":{"line":19,"column":9}},"11":{"start":{"line":18,"column":10},"end":{"line":18,"column":50}},"12":{"start":{"line":20,"column":8},"end":{"line":20,"column":17}},"13":{"start":{"line":23,"column":8},"end":{"line":23,"column":82}},"14":{"start":{"line":27,"column":0},"end":{"line":27,"column":53}}},"fnMap":{"0":{"name":"(anonymous_0)","decl":{"start":{"line":4,"column":2},"end":{"line":4,"column":3}},"loc":{"start":{"line":5,"column":2},"end":{"line":25,"column":3}},"line":5},"1":{"name":"(anonymous_1)","decl":{"start":{"line":5,"column":2},"end":{"line":5,"column":3}},"loc":{"start":{"line":5,"column":18},"end":{"line":25,"column":3}},"line":5},"2":{"name":"(anonymous_2)","decl":{"start":{"line":9,"column":38},"end":{"line":9,"column":39}},"loc":{"start":{"line":9,"column":59},"end":{"line":11,"column":7}},"line":9},"3":{"name":"(anonymous_3)","decl":{"start":{"line":16,"column":6},"end":{"line":16,"column":7}},"loc":{"start":{"line":16,"column":18},"end":{"line":21,"column":7}},"line":16},"4":{"name":"(anonymous_4)","decl":{"start":{"line":22,"column":6},"end":{"line":22,"column":7}},"loc":{"start":{"line":23,"column":8},"end":{"line":23,"column":82}},"line":23}},"branchMap":{"0":{"loc":{"start":{"line":6,"column":23},"end":{"line":6,"column":79}},"type":"binary-expr","locations":[{"start":{"line":6,"column":23},"end":{"line":6,"column":46}},{"start":{"line":6,"column":50},"end":{"line":6,"column":79}}],"line":6},"1":{"loc":{"start":{"line":7,"column":4},"end":{"line":13,"column":5}},"type":"if","locations":[{"start":{"line":7,"column":4},"end":{"line":13,"column":5}},{"start":{},"end":{}}],"line":7},"2":{"loc":{"start":{"line":7,"column":8},"end":{"line":7,"column":41}},"type":"binary-expr","locations":[{"start":{"line":7,"column":8},"end":{"line":7,"column":18}},{"start":{"line":7,"column":22},"end":{"line":7,"column":41}}],"line":7},"3":{"loc":{"start":{"line":17,"column":8},"end":{"line":19,"column":9}},"type":"if","locations":[{"start":{"line":17,"column":8},"end":{"line":19,"column":9}},{"start":{},"end":{}}],"line":17}},"s":{"0":21,"1":21,"2":21,"3":30,"4":30,"5":1,"6":1,"7":1,"8":1,"9":29,"10":29,"11":12,"12":17,"13":0,"14":21},"f":{"0":21,"1":30,"2":1,"3":29,"4":0},"b":{"0":[30,29],"1":[1,29],"2":[30,29],"3":[12,17]},"_coverageSchema":"1a1c01bbd47fc00a2c39e90264f33305004495a9","hash":"7d74f17cac1401475f0352077cd1c8605aad3053"}
,"/Users/notspencer/Documents/woofer/server/src/controllers/controllerHelpers/matches/fetchUserMatchQueue/index.js": {"path":"/Users/notspencer/Documents/woofer/server/src/controllers/controllerHelpers/matches/fetchUserMatchQueue/index.js","statementMap":{"0":{"start":{"line":1,"column":26},"end":{"line":1,"column":50}},"1":{"start":{"line":4,"column":2},"end":{"line":22,"column":3}},"2":{"start":{"line":5,"column":2},"end":{"line":22,"column":3}},"3":{"start":{"line":6,"column":4},"end":{"line":12,"column":5}},"4":{"start":{"line":7,"column":18},"end":{"line":7,"column":69}},"5":{"start":{"line":8,"column":26},"end":{"line":10,"column":8}},"6":{"start":{"line":9,"column":8},"end":{"line":9,"column":19}},"7":{"start":{"line":11,"column":6},"end":{"line":11,"column":24}},"8":{"start":{"line":14,"column":24},"end":{"line":14,"column":62}},"9":{"start":{"line":16,"column":4},"end":{"line":21,"column":6}},"10":{"start":{"line":17,"column":6},"end":{"line":19,"column":7}},"11":{"start":{"line":18,"column":8},"end":{"line":18,"column":46}},"12":{"start":{"line":20,"column":6},"end":{"line":20,"column":15}},"13":{"start":{"line":24,"column":0},"end":{"line":24,"column":55}}},"fnMap":{"0":{"name":"(anonymous_0)","decl":{"start":{"line":4,"column":2},"end":{"line":4,"column":3}},"loc":{"start":{"line":5,"column":2},"end":{"line":22,"column":3}},"line":5},"1":{"name":"(anonymous_1)","decl":{"start":{"line":5,"column":2},"end":{"line":5,"column":3}},"loc":{"start":{"line":5,"column":35},"end":{"line":22,"column":3}},"line":5},"2":{"name":"(anonymous_2)","decl":{"start":{"line":8,"column":38},"end":{"line":8,"column":39}},"loc":{"start":{"line":8,"column":59},"end":{"line":10,"column":7}},"line":8},"3":{"name":"(anonymous_3)","decl":{"start":{"line":16,"column":48},"end":{"line":16,"column":49}},"loc":{"start":{"line":16,"column":60},"end":{"line":21,"column":5}},"line":16}},"branchMap":{"0":{"loc":{"start":{"line":6,"column":4},"end":{"line":12,"column":5}},"type":"if","locations":[{"start":{"line":6,"column":4},"end":{"line":12,"column":5}},{"start":{},"end":{}}],"line":6},"1":{"loc":{"start":{"line":6,"column":8},"end":{"line":6,"column":81}},"type":"binary-expr","locations":[{"start":{"line":6,"column":8},"end":{"line":6,"column":25}},{"start":{"line":6,"column":29},"end":{"line":6,"column":53}},{"start":{"line":6,"column":57},"end":{"line":6,"column":81}}],"line":6},"2":{"loc":{"start":{"line":17,"column":6},"end":{"line":19,"column":7}},"type":"if","locations":[{"start":{"line":17,"column":6},"end":{"line":19,"column":7}},{"start":{},"end":{}}],"line":17}},"s":{"0":21,"1":21,"2":21,"3":14,"4":1,"5":1,"6":1,"7":1,"8":13,"9":13,"10":13,"11":0,"12":13,"13":21},"f":{"0":21,"1":14,"2":1,"3":13},"b":{"0":[1,13],"1":[14,13,13],"2":[0,13]},"_coverageSchema":"1a1c01bbd47fc00a2c39e90264f33305004495a9","hash":"83f0f86c5bcfe9a33fcabec03e753cd658f34f1f"}
,"/Users/notspencer/Documents/woofer/server/src/controllers/controllerHelpers/matches/removeUserFromMatchQueue/index.js": {"path":"/Users/notspencer/Documents/woofer/server/src/controllers/controllerHelpers/matches/removeUserFromMatchQueue/index.js","statementMap":{"0":{"start":{"line":1,"column":26},"end":{"line":1,"column":50}},"1":{"start":{"line":4,"column":2},"end":{"line":40,"column":3}},"2":{"start":{"line":5,"column":2},"end":{"line":40,"column":3}},"3":{"start":{"line":6,"column":4},"end":{"line":12,"column":5}},"4":{"start":{"line":7,"column":18},"end":{"line":7,"column":74}},"5":{"start":{"line":8,"column":26},"end":{"line":10,"column":8}},"6":{"start":{"line":9,"column":8},"end":{"line":9,"column":19}},"7":{"start":{"line":11,"column":6},"end":{"line":11,"column":24}},"8":{"start":{"line":14,"column":24},"end":{"line":14,"column":62}},"9":{"start":{"line":16,"column":4},"end":{"line":39,"column":8}},"10":{"start":{"line":18,"column":8},"end":{"line":20,"column":9}},"11":{"start":{"line":19,"column":10},"end":{"line":19,"column":48}},"12":{"start":{"line":21,"column":8},"end":{"line":21,"column":17}},"13":{"start":{"line":24,"column":25},"end":{"line":24,"column":47}},"14":{"start":{"line":25,"column":8},"end":{"line":25,"column":35}},"15":{"start":{"line":26,"column":8},"end":{"line":26,"column":35}},"16":{"start":{"line":30,"column":23},"end":{"line":35,"column":9}},"17":{"start":{"line":36,"column":24},"end":{"line":36,"column":53}},"18":{"start":{"line":38,"column":8},"end":{"line":38,"column":65}},"19":{"start":{"line":42,"column":0},"end":{"line":42,"column":60}}},"fnMap":{"0":{"name":"(anonymous_0)","decl":{"start":{"line":4,"column":2},"end":{"line":4,"column":3}},"loc":{"start":{"line":5,"column":2},"end":{"line":40,"column":3}},"line":5},"1":{"name":"(anonymous_1)","decl":{"start":{"line":5,"column":2},"end":{"line":5,"column":3}},"loc":{"start":{"line":5,"column":35},"end":{"line":40,"column":3}},"line":5},"2":{"name":"(anonymous_2)","decl":{"start":{"line":8,"column":38},"end":{"line":8,"column":39}},"loc":{"start":{"line":8,"column":59},"end":{"line":10,"column":7}},"line":8},"3":{"name":"(anonymous_3)","decl":{"start":{"line":17,"column":12},"end":{"line":17,"column":13}},"loc":{"start":{"line":17,"column":24},"end":{"line":22,"column":7}},"line":17},"4":{"name":"(anonymous_4)","decl":{"start":{"line":23,"column":12},"end":{"line":23,"column":13}},"loc":{"start":{"line":23,"column":31},"end":{"line":27,"column":7}},"line":23},"5":{"name":"(anonymous_5)","decl":{"start":{"line":28,"column":12},"end":{"line":28,"column":13}},"loc":{"start":{"line":28,"column":26},"end":{"line":39,"column":7}},"line":28}},"branchMap":{"0":{"loc":{"start":{"line":6,"column":4},"end":{"line":12,"column":5}},"type":"if","locations":[{"start":{"line":6,"column":4},"end":{"line":12,"column":5}},{"start":{},"end":{}}],"line":6},"1":{"loc":{"start":{"line":6,"column":8},"end":{"line":6,"column":81}},"type":"binary-expr","locations":[{"start":{"line":6,"column":8},"end":{"line":6,"column":25}},{"start":{"line":6,"column":29},"end":{"line":6,"column":53}},{"start":{"line":6,"column":57},"end":{"line":6,"column":81}}],"line":6},"2":{"loc":{"start":{"line":18,"column":8},"end":{"line":20,"column":9}},"type":"if","locations":[{"start":{"line":18,"column":8},"end":{"line":20,"column":9}},{"start":{},"end":{}}],"line":18}},"s":{"0":21,"1":21,"2":21,"3":2,"4":1,"5":1,"6":1,"7":1,"8":1,"9":1,"10":1,"11":0,"12":1,"13":1,"14":1,"15":1,"16":1,"17":1,"18":1,"19":21},"f":{"0":21,"1":2,"2":1,"3":1,"4":1,"5":1},"b":{"0":[1,1],"1":[2,1,1],"2":[0,1]},"_coverageSchema":"1a1c01bbd47fc00a2c39e90264f33305004495a9","hash":"66adb05982b50600fe8c7cc0b6954a67a81a16aa"}
,"/Users/notspencer/Documents/woofer/server/src/controllers/controllerHelpers/matches/updateUserMatchRecord/index.js": {"path":"/Users/notspencer/Documents/woofer/server/src/controllers/controllerHelpers/matches/updateUserMatchRecord/index.js","statementMap":{"0":{"start":{"line":1,"column":25},"end":{"line":1,"column":55}},"1":{"start":{"line":3,"column":26},"end":{"line":3,"column":50}},"2":{"start":{"line":6,"column":2},"end":{"line":30,"column":3}},"3":{"start":{"line":7,"column":2},"end":{"line":30,"column":3}},"4":{"start":{"line":8,"column":4},"end":{"line":19,"column":5}},"5":{"start":{"line":14,"column":18},"end":{"line":14,"column":73}},"6":{"start":{"line":15,"column":26},"end":{"line":17,"column":8}},"7":{"start":{"line":16,"column":8},"end":{"line":16,"column":19}},"8":{"start":{"line":18,"column":6},"end":{"line":18,"column":24}},"9":{"start":{"line":21,"column":4},"end":{"line":29,"column":5}},"10":{"start":{"line":23,"column":8},"end":{"line":25,"column":9}},"11":{"start":{"line":24,"column":10},"end":{"line":24,"column":45}},"12":{"start":{"line":28,"column":8},"end":{"line":28,"column":83}},"13":{"start":{"line":32,"column":0},"end":{"line":32,"column":57}}},"fnMap":{"0":{"name":"(anonymous_0)","decl":{"start":{"line":6,"column":2},"end":{"line":6,"column":3}},"loc":{"start":{"line":7,"column":2},"end":{"line":30,"column":3}},"line":7},"1":{"name":"(anonymous_1)","decl":{"start":{"line":7,"column":2},"end":{"line":7,"column":3}},"loc":{"start":{"line":7,"column":35},"end":{"line":30,"column":3}},"line":7},"2":{"name":"(anonymous_2)","decl":{"start":{"line":15,"column":38},"end":{"line":15,"column":39}},"loc":{"start":{"line":15,"column":59},"end":{"line":17,"column":7}},"line":15},"3":{"name":"(anonymous_3)","decl":{"start":{"line":22,"column":6},"end":{"line":22,"column":7}},"loc":{"start":{"line":22,"column":18},"end":{"line":26,"column":7}},"line":22},"4":{"name":"(anonymous_4)","decl":{"start":{"line":27,"column":6},"end":{"line":27,"column":7}},"loc":{"start":{"line":28,"column":8},"end":{"line":28,"column":83}},"line":28}},"branchMap":{"0":{"loc":{"start":{"line":8,"column":4},"end":{"line":19,"column":5}},"type":"if","locations":[{"start":{"line":8,"column":4},"end":{"line":19,"column":5}},{"start":{},"end":{}}],"line":8},"1":{"loc":{"start":{"line":9,"column":6},"end":{"line":12,"column":27}},"type":"binary-expr","locations":[{"start":{"line":9,"column":6},"end":{"line":9,"column":23}},{"start":{"line":10,"column":6},"end":{"line":10,"column":25}},{"start":{"line":11,"column":6},"end":{"line":11,"column":26}},{"start":{"line":12,"column":6},"end":{"line":12,"column":27}}],"line":9},"2":{"loc":{"start":{"line":23,"column":8},"end":{"line":25,"column":9}},"type":"if","locations":[{"start":{"line":23,"column":8},"end":{"line":25,"column":9}},{"start":{},"end":{}}],"line":23}},"s":{"0":21,"1":21,"2":21,"3":21,"4":14,"5":1,"6":1,"7":1,"8":1,"9":13,"10":13,"11":13,"12":0,"13":21},"f":{"0":21,"1":14,"2":1,"3":13,"4":0},"b":{"0":[1,13],"1":[14,13,13,13],"2":[13,0]},"_coverageSchema":"1a1c01bbd47fc00a2c39e90264f33305004495a9","hash":"4a745a51f86510b37edfd17a250d719bbfa85015"}
,"/Users/notspencer/Documents/woofer/server/src/controllers/controllerHelpers/user/createUserDocument/index.js": {"path":"/Users/notspencer/Documents/woofer/server/src/controllers/controllerHelpers/user/createUserDocument/index.js","statementMap":{"0":{"start":{"line":1,"column":26},"end":{"line":1,"column":50}},"1":{"start":{"line":4,"column":2},"end":{"line":18,"column":3}},"2":{"start":{"line":5,"column":2},"end":{"line":18,"column":3}},"3":{"start":{"line":6,"column":4},"end":{"line":17,"column":5}},"4":{"start":{"line":8,"column":8},"end":{"line":12,"column":9}},"5":{"start":{"line":9,"column":10},"end":{"line":9,"column":27}},"6":{"start":{"line":11,"column":10},"end":{"line":11,"column":62}},"7":{"start":{"line":15,"column":8},"end":{"line":15,"column":85}},"8":{"start":{"line":20,"column":0},"end":{"line":20,"column":54}}},"fnMap":{"0":{"name":"(anonymous_0)","decl":{"start":{"line":4,"column":2},"end":{"line":4,"column":3}},"loc":{"start":{"line":5,"column":2},"end":{"line":18,"column":3}},"line":5},"1":{"name":"(anonymous_1)","decl":{"start":{"line":5,"column":2},"end":{"line":5,"column":3}},"loc":{"start":{"line":5,"column":52},"end":{"line":18,"column":3}},"line":5},"2":{"name":"(anonymous_2)","decl":{"start":{"line":7,"column":6},"end":{"line":7,"column":7}},"loc":{"start":{"line":7,"column":18},"end":{"line":13,"column":7}},"line":7},"3":{"name":"(anonymous_3)","decl":{"start":{"line":14,"column":6},"end":{"line":14,"column":7}},"loc":{"start":{"line":14,"column":15},"end":{"line":16,"column":7}},"line":14}},"branchMap":{"0":{"loc":{"start":{"line":8,"column":8},"end":{"line":12,"column":9}},"type":"if","locations":[{"start":{"line":8,"column":8},"end":{"line":12,"column":9}},{"start":{"line":10,"column":15},"end":{"line":12,"column":9}}],"line":8}},"s":{"0":21,"1":21,"2":21,"3":28,"4":28,"5":26,"6":2,"7":0,"8":21},"f":{"0":21,"1":28,"2":28,"3":0},"b":{"0":[26,2]},"_coverageSchema":"1a1c01bbd47fc00a2c39e90264f33305004495a9","hash":"00ea8c433a99e526dcfb76a13291fdafd249f076"}
,"/Users/notspencer/Documents/woofer/server/src/controllers/controllerHelpers/user/deleteUserDocument/index.js": {"path":"/Users/notspencer/Documents/woofer/server/src/controllers/controllerHelpers/user/deleteUserDocument/index.js","statementMap":{"0":{"start":{"line":1,"column":26},"end":{"line":1,"column":50}},"1":{"start":{"line":4,"column":2},"end":{"line":21,"column":3}},"2":{"start":{"line":5,"column":2},"end":{"line":21,"column":3}},"3":{"start":{"line":6,"column":4},"end":{"line":12,"column":5}},"4":{"start":{"line":7,"column":18},"end":{"line":7,"column":68}},"5":{"start":{"line":8,"column":26},"end":{"line":10,"column":8}},"6":{"start":{"line":9,"column":8},"end":{"line":9,"column":19}},"7":{"start":{"line":11,"column":6},"end":{"line":11,"column":24}},"8":{"start":{"line":14,"column":4},"end":{"line":20,"column":5}},"9":{"start":{"line":16,"column":8},"end":{"line":16,"column":21}},"10":{"start":{"line":19,"column":8},"end":{"line":19,"column":81}},"11":{"start":{"line":23,"column":0},"end":{"line":23,"column":54}}},"fnMap":{"0":{"name":"(anonymous_0)","decl":{"start":{"line":4,"column":2},"end":{"line":4,"column":3}},"loc":{"start":{"line":5,"column":2},"end":{"line":21,"column":3}},"line":5},"1":{"name":"(anonymous_1)","decl":{"start":{"line":5,"column":2},"end":{"line":5,"column":3}},"loc":{"start":{"line":5,"column":27},"end":{"line":21,"column":3}},"line":5},"2":{"name":"(anonymous_2)","decl":{"start":{"line":8,"column":38},"end":{"line":8,"column":39}},"loc":{"start":{"line":8,"column":59},"end":{"line":10,"column":7}},"line":8},"3":{"name":"(anonymous_3)","decl":{"start":{"line":15,"column":6},"end":{"line":15,"column":7}},"loc":{"start":{"line":15,"column":18},"end":{"line":17,"column":7}},"line":15},"4":{"name":"(anonymous_4)","decl":{"start":{"line":18,"column":6},"end":{"line":18,"column":7}},"loc":{"start":{"line":19,"column":8},"end":{"line":19,"column":81}},"line":19}},"branchMap":{"0":{"loc":{"start":{"line":6,"column":4},"end":{"line":12,"column":5}},"type":"if","locations":[{"start":{"line":6,"column":4},"end":{"line":12,"column":5}},{"start":{},"end":{}}],"line":6},"1":{"loc":{"start":{"line":6,"column":8},"end":{"line":6,"column":73}},"type":"binary-expr","locations":[{"start":{"line":6,"column":8},"end":{"line":6,"column":25}},{"start":{"line":6,"column":29},"end":{"line":6,"column":48}},{"start":{"line":6,"column":52},"end":{"line":6,"column":73}}],"line":6}},"s":{"0":21,"1":21,"2":21,"3":3,"4":1,"5":1,"6":1,"7":1,"8":2,"9":2,"10":0,"11":21},"f":{"0":21,"1":3,"2":1,"3":2,"4":0},"b":{"0":[1,2],"1":[3,2,2]},"_coverageSchema":"1a1c01bbd47fc00a2c39e90264f33305004495a9","hash":"ae2520ebb5811549046c375040e3c90dfae68d3b"}
,"/Users/notspencer/Documents/woofer/server/src/controllers/controllerHelpers/user/fetchUserDocument/index.js": {"path":"/Users/notspencer/Documents/woofer/server/src/controllers/controllerHelpers/user/fetchUserDocument/index.js","statementMap":{"0":{"start":{"line":1,"column":26},"end":{"line":1,"column":50}},"1":{"start":{"line":4,"column":2},"end":{"line":25,"column":3}},"2":{"start":{"line":5,"column":2},"end":{"line":25,"column":3}},"3":{"start":{"line":6,"column":4},"end":{"line":12,"column":5}},"4":{"start":{"line":7,"column":18},"end":{"line":7,"column":67}},"5":{"start":{"line":8,"column":26},"end":{"line":10,"column":8}},"6":{"start":{"line":9,"column":8},"end":{"line":9,"column":19}},"7":{"start":{"line":11,"column":6},"end":{"line":11,"column":24}},"8":{"start":{"line":14,"column":4},"end":{"line":24,"column":5}},"9":{"start":{"line":16,"column":8},"end":{"line":20,"column":9}},"10":{"start":{"line":17,"column":10},"end":{"line":17,"column":23}},"11":{"start":{"line":19,"column":10},"end":{"line":19,"column":51}},"12":{"start":{"line":23,"column":8},"end":{"line":23,"column":79}},"13":{"start":{"line":27,"column":0},"end":{"line":27,"column":53}}},"fnMap":{"0":{"name":"(anonymous_0)","decl":{"start":{"line":4,"column":2},"end":{"line":4,"column":3}},"loc":{"start":{"line":5,"column":2},"end":{"line":25,"column":3}},"line":5},"1":{"name":"(anonymous_1)","decl":{"start":{"line":5,"column":2},"end":{"line":5,"column":3}},"loc":{"start":{"line":5,"column":18},"end":{"line":25,"column":3}},"line":5},"2":{"name":"(anonymous_2)","decl":{"start":{"line":8,"column":38},"end":{"line":8,"column":39}},"loc":{"start":{"line":8,"column":59},"end":{"line":10,"column":7}},"line":8},"3":{"name":"(anonymous_3)","decl":{"start":{"line":15,"column":6},"end":{"line":15,"column":7}},"loc":{"start":{"line":15,"column":18},"end":{"line":21,"column":7}},"line":15},"4":{"name":"(anonymous_4)","decl":{"start":{"line":22,"column":6},"end":{"line":22,"column":7}},"loc":{"start":{"line":23,"column":8},"end":{"line":23,"column":79}},"line":23}},"branchMap":{"0":{"loc":{"start":{"line":6,"column":4},"end":{"line":12,"column":5}},"type":"if","locations":[{"start":{"line":6,"column":4},"end":{"line":12,"column":5}},{"start":{},"end":{}}],"line":6},"1":{"loc":{"start":{"line":6,"column":8},"end":{"line":6,"column":48}},"type":"binary-expr","locations":[{"start":{"line":6,"column":8},"end":{"line":6,"column":25}},{"start":{"line":6,"column":29},"end":{"line":6,"column":48}}],"line":6},"2":{"loc":{"start":{"line":16,"column":8},"end":{"line":20,"column":9}},"type":"if","locations":[{"start":{"line":16,"column":8},"end":{"line":20,"column":9}},{"start":{"line":18,"column":15},"end":{"line":20,"column":9}}],"line":16}},"s":{"0":21,"1":21,"2":21,"3":29,"4":1,"5":1,"6":1,"7":1,"8":28,"9":28,"10":22,"11":6,"12":0,"13":21},"f":{"0":21,"1":29,"2":1,"3":28,"4":0},"b":{"0":[1,28],"1":[29,28],"2":[22,6]},"_coverageSchema":"1a1c01bbd47fc00a2c39e90264f33305004495a9","hash":"9bcbb3827ab81849f019fbe33e7bcc218dba7759"}
,"/Users/notspencer/Documents/woofer/server/src/controllers/controllerHelpers/user/updateUserDocument/index.js": {"path":"/Users/notspencer/Documents/woofer/server/src/controllers/controllerHelpers/user/updateUserDocument/index.js","statementMap":{"0":{"start":{"line":1,"column":26},"end":{"line":1,"column":50}},"1":{"start":{"line":3,"column":26},"end":{"line":3,"column":57}},"2":{"start":{"line":6,"column":2},"end":{"line":32,"column":3}},"3":{"start":{"line":7,"column":2},"end":{"line":32,"column":3}},"4":{"start":{"line":8,"column":4},"end":{"line":19,"column":5}},"5":{"start":{"line":14,"column":18},"end":{"line":14,"column":68}},"6":{"start":{"line":15,"column":26},"end":{"line":17,"column":8}},"7":{"start":{"line":16,"column":8},"end":{"line":16,"column":19}},"8":{"start":{"line":18,"column":6},"end":{"line":18,"column":24}},"9":{"start":{"line":21,"column":4},"end":{"line":31,"column":5}},"10":{"start":{"line":23,"column":8},"end":{"line":27,"column":9}},"11":{"start":{"line":24,"column":10},"end":{"line":24,"column":46}},"12":{"start":{"line":26,"column":10},"end":{"line":26,"column":63}},"13":{"start":{"line":30,"column":8},"end":{"line":30,"column":81}},"14":{"start":{"line":34,"column":0},"end":{"line":34,"column":54}}},"fnMap":{"0":{"name":"(anonymous_0)","decl":{"start":{"line":6,"column":2},"end":{"line":6,"column":3}},"loc":{"start":{"line":7,"column":2},"end":{"line":32,"column":3}},"line":7},"1":{"name":"(anonymous_1)","decl":{"start":{"line":7,"column":2},"end":{"line":7,"column":3}},"loc":{"start":{"line":7,"column":35},"end":{"line":32,"column":3}},"line":7},"2":{"name":"(anonymous_2)","decl":{"start":{"line":15,"column":38},"end":{"line":15,"column":39}},"loc":{"start":{"line":15,"column":59},"end":{"line":17,"column":7}},"line":15},"3":{"name":"(anonymous_3)","decl":{"start":{"line":22,"column":6},"end":{"line":22,"column":7}},"loc":{"start":{"line":22,"column":18},"end":{"line":28,"column":7}},"line":22},"4":{"name":"(anonymous_4)","decl":{"start":{"line":29,"column":6},"end":{"line":29,"column":7}},"loc":{"start":{"line":30,"column":8},"end":{"line":30,"column":81}},"line":30}},"branchMap":{"0":{"loc":{"start":{"line":8,"column":4},"end":{"line":19,"column":5}},"type":"if","locations":[{"start":{"line":8,"column":4},"end":{"line":19,"column":5}},{"start":{},"end":{}}],"line":8},"1":{"loc":{"start":{"line":9,"column":6},"end":{"line":12,"column":27}},"type":"binary-expr","locations":[{"start":{"line":9,"column":6},"end":{"line":9,"column":23}},{"start":{"line":10,"column":6},"end":{"line":10,"column":25}},{"start":{"line":11,"column":6},"end":{"line":11,"column":26}},{"start":{"line":12,"column":6},"end":{"line":12,"column":27}}],"line":9},"2":{"loc":{"start":{"line":23,"column":8},"end":{"line":27,"column":9}},"type":"if","locations":[{"start":{"line":23,"column":8},"end":{"line":27,"column":9}},{"start":{"line":25,"column":15},"end":{"line":27,"column":9}}],"line":23}},"s":{"0":21,"1":21,"2":21,"3":21,"4":5,"5":1,"6":1,"7":1,"8":1,"9":4,"10":4,"11":4,"12":0,"13":0,"14":21},"f":{"0":21,"1":5,"2":1,"3":4,"4":0},"b":{"0":[1,4],"1":[5,4,4,4],"2":[4,0]},"_coverageSchema":"1a1c01bbd47fc00a2c39e90264f33305004495a9","hash":"5fb9f21a5e22effafa4bc2e06edcc09df6694de7"}
,"/Users/notspencer/Documents/woofer/server/src/controllers/controllerHelpers/zipcodes/addUserToZipcodePool/index.js": {"path":"/Users/notspencer/Documents/woofer/server/src/controllers/controllerHelpers/zipcodes/addUserToZipcodePool/index.js","statementMap":{"0":{"start":{"line":1,"column":26},"end":{"line":1,"column":50}},"1":{"start":{"line":4,"column":2},"end":{"line":39,"column":3}},"2":{"start":{"line":5,"column":2},"end":{"line":39,"column":3}},"3":{"start":{"line":6,"column":4},"end":{"line":12,"column":5}},"4":{"start":{"line":7,"column":18},"end":{"line":7,"column":70}},"5":{"start":{"line":8,"column":26},"end":{"line":10,"column":8}},"6":{"start":{"line":9,"column":8},"end":{"line":9,"column":19}},"7":{"start":{"line":11,"column":6},"end":{"line":11,"column":24}},"8":{"start":{"line":14,"column":4},"end":{"line":38,"column":7}},"9":{"start":{"line":16,"column":27},"end":{"line":16,"column":29}},"10":{"start":{"line":18,"column":8},"end":{"line":20,"column":9}},"11":{"start":{"line":19,"column":10},"end":{"line":19,"column":56}},"12":{"start":{"line":22,"column":8},"end":{"line":22,"column":32}},"13":{"start":{"line":24,"column":22},"end":{"line":24,"column":62}},"14":{"start":{"line":25,"column":23},"end":{"line":29,"column":9}},"15":{"start":{"line":30,"column":24},"end":{"line":30,"column":53}},"16":{"start":{"line":31,"column":8},"end":{"line":31,"column":39}},"17":{"start":{"line":34,"column":8},"end":{"line":34,"column":60}},"18":{"start":{"line":37,"column":8},"end":{"line":37,"column":81}},"19":{"start":{"line":41,"column":0},"end":{"line":41,"column":56}}},"fnMap":{"0":{"name":"(anonymous_0)","decl":{"start":{"line":4,"column":2},"end":{"line":4,"column":3}},"loc":{"start":{"line":5,"column":2},"end":{"line":39,"column":3}},"line":5},"1":{"name":"(anonymous_1)","decl":{"start":{"line":5,"column":2},"end":{"line":5,"column":3}},"loc":{"start":{"line":5,"column":30},"end":{"line":39,"column":3}},"line":5},"2":{"name":"(anonymous_2)","decl":{"start":{"line":8,"column":38},"end":{"line":8,"column":39}},"loc":{"start":{"line":8,"column":59},"end":{"line":10,"column":7}},"line":8},"3":{"name":"(anonymous_3)","decl":{"start":{"line":15,"column":12},"end":{"line":15,"column":13}},"loc":{"start":{"line":15,"column":24},"end":{"line":32,"column":7}},"line":15},"4":{"name":"(anonymous_4)","decl":{"start":{"line":33,"column":12},"end":{"line":33,"column":13}},"loc":{"start":{"line":33,"column":42},"end":{"line":35,"column":7}},"line":33},"5":{"name":"(anonymous_5)","decl":{"start":{"line":36,"column":13},"end":{"line":36,"column":14}},"loc":{"start":{"line":37,"column":8},"end":{"line":37,"column":81}},"line":37}},"branchMap":{"0":{"loc":{"start":{"line":6,"column":4},"end":{"line":12,"column":5}},"type":"if","locations":[{"start":{"line":6,"column":4},"end":{"line":12,"column":5}},{"start":{},"end":{}}],"line":6},"1":{"loc":{"start":{"line":6,"column":8},"end":{"line":6,"column":76}},"type":"binary-expr","locations":[{"start":{"line":6,"column":8},"end":{"line":6,"column":25}},{"start":{"line":6,"column":29},"end":{"line":6,"column":49}},{"start":{"line":6,"column":53},"end":{"line":6,"column":76}}],"line":6},"2":{"loc":{"start":{"line":18,"column":8},"end":{"line":20,"column":9}},"type":"if","locations":[{"start":{"line":18,"column":8},"end":{"line":20,"column":9}},{"start":{},"end":{}}],"line":18}},"s":{"0":21,"1":21,"2":21,"3":6,"4":1,"5":1,"6":1,"7":1,"8":5,"9":5,"10":5,"11":1,"12":5,"13":5,"14":5,"15":5,"16":5,"17":5,"18":0,"19":21},"f":{"0":21,"1":6,"2":1,"3":5,"4":5,"5":0},"b":{"0":[1,5],"1":[6,5,5],"2":[1,4]},"_coverageSchema":"1a1c01bbd47fc00a2c39e90264f33305004495a9","hash":"dc91e7d53a4e71c44f6206cf2c5b56d6189a1ef4"}
,"/Users/notspencer/Documents/woofer/server/src/controllers/controllerHelpers/zipcodes/removeUserFromZipcodePool/index.js": {"path":"/Users/notspencer/Documents/woofer/server/src/controllers/controllerHelpers/zipcodes/removeUserFromZipcodePool/index.js","statementMap":{"0":{"start":{"line":1,"column":26},"end":{"line":1,"column":50}},"1":{"start":{"line":4,"column":2},"end":{"line":39,"column":3}},"2":{"start":{"line":5,"column":2},"end":{"line":39,"column":3}},"3":{"start":{"line":6,"column":4},"end":{"line":12,"column":5}},"4":{"start":{"line":7,"column":18},"end":{"line":7,"column":75}},"5":{"start":{"line":8,"column":26},"end":{"line":10,"column":8}},"6":{"start":{"line":9,"column":8},"end":{"line":9,"column":19}},"7":{"start":{"line":11,"column":6},"end":{"line":11,"column":24}},"8":{"start":{"line":14,"column":4},"end":{"line":38,"column":5}},"9":{"start":{"line":16,"column":27},"end":{"line":16,"column":29}},"10":{"start":{"line":18,"column":8},"end":{"line":20,"column":9}},"11":{"start":{"line":19,"column":10},"end":{"line":19,"column":56}},"12":{"start":{"line":22,"column":8},"end":{"line":24,"column":9}},"13":{"start":{"line":23,"column":10},"end":{"line":23,"column":37}},"14":{"start":{"line":26,"column":22},"end":{"line":26,"column":62}},"15":{"start":{"line":27,"column":23},"end":{"line":31,"column":9}},"16":{"start":{"line":32,"column":24},"end":{"line":32,"column":53}},"17":{"start":{"line":34,"column":8},"end":{"line":34,"column":60}},"18":{"start":{"line":37,"column":8},"end":{"line":37,"column":81}},"19":{"start":{"line":41,"column":0},"end":{"line":41,"column":61}}},"fnMap":{"0":{"name":"(anonymous_0)","decl":{"start":{"line":4,"column":2},"end":{"line":4,"column":3}},"loc":{"start":{"line":5,"column":2},"end":{"line":39,"column":3}},"line":5},"1":{"name":"(anonymous_1)","decl":{"start":{"line":5,"column":2},"end":{"line":5,"column":3}},"loc":{"start":{"line":5,"column":30},"end":{"line":39,"column":3}},"line":5},"2":{"name":"(anonymous_2)","decl":{"start":{"line":8,"column":38},"end":{"line":8,"column":39}},"loc":{"start":{"line":8,"column":59},"end":{"line":10,"column":7}},"line":8},"3":{"name":"(anonymous_3)","decl":{"start":{"line":15,"column":6},"end":{"line":15,"column":7}},"loc":{"start":{"line":15,"column":18},"end":{"line":35,"column":7}},"line":15},"4":{"name":"(anonymous_4)","decl":{"start":{"line":36,"column":6},"end":{"line":36,"column":7}},"loc":{"start":{"line":37,"column":8},"end":{"line":37,"column":81}},"line":37}},"branchMap":{"0":{"loc":{"start":{"line":6,"column":4},"end":{"line":12,"column":5}},"type":"if","locations":[{"start":{"line":6,"column":4},"end":{"line":12,"column":5}},{"start":{},"end":{}}],"line":6},"1":{"loc":{"start":{"line":6,"column":8},"end":{"line":6,"column":76}},"type":"binary-expr","locations":[{"start":{"line":6,"column":8},"end":{"line":6,"column":25}},{"start":{"line":6,"column":29},"end":{"line":6,"column":49}},{"start":{"line":6,"column":53},"end":{"line":6,"column":76}}],"line":6},"2":{"loc":{"start":{"line":18,"column":8},"end":{"line":20,"column":9}},"type":"if","locations":[{"start":{"line":18,"column":8},"end":{"line":20,"column":9}},{"start":{},"end":{}}],"line":18},"3":{"loc":{"start":{"line":22,"column":8},"end":{"line":24,"column":9}},"type":"if","locations":[{"start":{"line":22,"column":8},"end":{"line":24,"column":9}},{"start":{},"end":{}}],"line":22}},"s":{"0":21,"1":21,"2":21,"3":3,"4":1,"5":1,"6":1,"7":1,"8":2,"9":2,"10":2,"11":1,"12":2,"13":1,"14":2,"15":2,"16":2,"17":2,"18":0,"19":21},"f":{"0":21,"1":3,"2":1,"3":2,"4":0},"b":{"0":[1,2],"1":[3,2,2],"2":[1,1],"3":[1,1]},"_coverageSchema":"1a1c01bbd47fc00a2c39e90264f33305004495a9","hash":"b16b226c876b952f8605799bd3f07967c856f649"}
,"/Users/notspencer/Documents/woofer/server/src/controllers/matches/index.js": {"path":"/Users/notspencer/Documents/woofer/server/src/controllers/matches/index.js","statementMap":{"0":{"start":{"line":1,"column":22},"end":{"line":1,"column":58}},"1":{"start":{"line":2,"column":30},"end":{"line":2,"column":74}},"2":{"start":{"line":3,"column":31},"end":{"line":3,"column":76}},"3":{"start":{"line":4,"column":26},"end":{"line":4,"column":80}},"4":{"start":{"line":5,"column":28},"end":{"line":5,"column":70}},"5":{"start":{"line":7,"column":30},"end":{"line":7,"column":64}},"6":{"start":{"line":9,"column":32},"end":{"line":9,"column":68}},"7":{"start":{"line":10,"column":32},"end":{"line":10,"column":68}},"8":{"start":{"line":12,"column":14},"end":{"line":12,"column":34}},"9":{"start":{"line":14,"column":0},"end":{"line":74,"column":1}},"10":{"start":{"line":16,"column":24},"end":{"line":19,"column":5}},"11":{"start":{"line":21,"column":4},"end":{"line":52,"column":6}},"12":{"start":{"line":22,"column":21},"end":{"line":22,"column":52}},"13":{"start":{"line":25,"column":6},"end":{"line":51,"column":10}},"14":{"start":{"line":30,"column":14},"end":{"line":30,"column":25}},"15":{"start":{"line":32,"column":10},"end":{"line":32,"column":83}},"16":{"start":{"line":35,"column":65},"end":{"line":35,"column":71}},"17":{"start":{"line":37,"column":10},"end":{"line":47,"column":11}},"18":{"start":{"line":38,"column":32},"end":{"line":40,"column":13}},"19":{"start":{"line":42,"column":12},"end":{"line":44,"column":14}},"20":{"start":{"line":43,"column":14},"end":{"line":43,"column":47}},"21":{"start":{"line":46,"column":12},"end":{"line":46,"column":73}},"22":{"start":{"line":50,"column":10},"end":{"line":50,"column":80}},"23":{"start":{"line":55,"column":24},"end":{"line":58,"column":5}},"24":{"start":{"line":60,"column":4},"end":{"line":72,"column":6}},"25":{"start":{"line":65,"column":10},"end":{"line":65,"column":18}},"26":{"start":{"line":67,"column":6},"end":{"line":71,"column":7}},"27":{"start":{"line":68,"column":8},"end":{"line":68,"column":73}},"28":{"start":{"line":69,"column":13},"end":{"line":71,"column":7}},"29":{"start":{"line":70,"column":8},"end":{"line":70,"column":73}}},"fnMap":{"0":{"name":"(anonymous_0)","decl":{"start":{"line":15,"column":22},"end":{"line":15,"column":23}},"loc":{"start":{"line":15,"column":36},"end":{"line":53,"column":3}},"line":15},"1":{"name":"(anonymous_1)","decl":{"start":{"line":21,"column":49},"end":{"line":21,"column":50}},"loc":{"start":{"line":21,"column":55},"end":{"line":52,"column":5}},"line":21},"2":{"name":"(anonymous_2)","decl":{"start":{"line":26,"column":14},"end":{"line":26,"column":15}},"loc":{"start":{"line":26,"column":31},"end":{"line":33,"column":9}},"line":26},"3":{"name":"(anonymous_3)","decl":{"start":{"line":34,"column":14},"end":{"line":34,"column":15}},"loc":{"start":{"line":34,"column":26},"end":{"line":48,"column":9}},"line":34},"4":{"name":"(anonymous_4)","decl":{"start":{"line":42,"column":66},"end":{"line":42,"column":67}},"loc":{"start":{"line":42,"column":72},"end":{"line":44,"column":13}},"line":42},"5":{"name":"(anonymous_5)","decl":{"start":{"line":49,"column":15},"end":{"line":49,"column":16}},"loc":{"start":{"line":49,"column":24},"end":{"line":51,"column":9}},"line":49},"6":{"name":"(anonymous_6)","decl":{"start":{"line":54,"column":23},"end":{"line":54,"column":24}},"loc":{"start":{"line":54,"column":37},"end":{"line":73,"column":3}},"line":54},"7":{"name":"(anonymous_7)","decl":{"start":{"line":60,"column":49},"end":{"line":60,"column":50}},"loc":{"start":{"line":60,"column":55},"end":{"line":72,"column":5}},"line":60}},"branchMap":{"0":{"loc":{"start":{"line":37,"column":10},"end":{"line":47,"column":11}},"type":"if","locations":[{"start":{"line":37,"column":10},"end":{"line":47,"column":11}},{"start":{"line":45,"column":17},"end":{"line":47,"column":11}}],"line":37},"1":{"loc":{"start":{"line":67,"column":6},"end":{"line":71,"column":7}},"type":"if","locations":[{"start":{"line":67,"column":6},"end":{"line":71,"column":7}},{"start":{"line":69,"column":13},"end":{"line":71,"column":7}}],"line":67},"2":{"loc":{"start":{"line":69,"column":13},"end":{"line":71,"column":7}},"type":"if","locations":[{"start":{"line":69,"column":13},"end":{"line":71,"column":7}},{"start":{},"end":{}}],"line":69}},"s":{"0":21,"1":21,"2":21,"3":21,"4":21,"5":21,"6":21,"7":21,"8":21,"9":21,"10":0,"11":0,"12":0,"13":0,"14":0,"15":0,"16":0,"17":0,"18":0,"19":0,"20":0,"21":0,"22":0,"23":8,"24":8,"25":8,"26":8,"27":6,"28":2,"29":2},"f":{"0":0,"1":0,"2":0,"3":0,"4":0,"5":0,"6":8,"7":8},"b":{"0":[0,0],"1":[6,2],"2":[2,0]},"_coverageSchema":"1a1c01bbd47fc00a2c39e90264f33305004495a9","hash":"f180c54be6e2e50d07e22e08166a150376b4565f"}
,"/Users/notspencer/Documents/woofer/server/src/controllers/matches/documentUserSwipeAccept/handleFirstTimeAccept.js": {"path":"/Users/notspencer/Documents/woofer/server/src/controllers/matches/documentUserSwipeAccept/handleFirstTimeAccept.js","statementMap":{"0":{"start":{"line":1,"column":26},"end":{"line":1,"column":83}},"1":{"start":{"line":3,"column":26},"end":{"line":3,"column":68}},"2":{"start":{"line":6,"column":2},"end":{"line":33,"column":3}},"3":{"start":{"line":7,"column":2},"end":{"line":33,"column":3}},"4":{"start":{"line":8,"column":24},"end":{"line":8,"column":62}},"5":{"start":{"line":10,"column":4},"end":{"line":32,"column":8}},"6":{"start":{"line":12,"column":8},"end":{"line":14,"column":9}},"7":{"start":{"line":13,"column":10},"end":{"line":13,"column":48}},"8":{"start":{"line":15,"column":8},"end":{"line":15,"column":17}},"9":{"start":{"line":18,"column":30},"end":{"line":18,"column":60}},"10":{"start":{"line":19,"column":8},"end":{"line":19,"column":49}},"11":{"start":{"line":23,"column":23},"end":{"line":28,"column":9}},"12":{"start":{"line":29,"column":24},"end":{"line":29,"column":53}},"13":{"start":{"line":31,"column":8},"end":{"line":31,"column":65}},"14":{"start":{"line":35,"column":30},"end":{"line":41,"column":1}},"15":{"start":{"line":36,"column":2},"end":{"line":40,"column":6}},"16":{"start":{"line":37,"column":16},"end":{"line":37,"column":51}},"17":{"start":{"line":39,"column":6},"end":{"line":39,"column":34}},"18":{"start":{"line":43,"column":0},"end":{"line":43,"column":38}}},"fnMap":{"0":{"name":"(anonymous_0)","decl":{"start":{"line":6,"column":2},"end":{"line":6,"column":3}},"loc":{"start":{"line":7,"column":2},"end":{"line":33,"column":3}},"line":7},"1":{"name":"(anonymous_1)","decl":{"start":{"line":7,"column":2},"end":{"line":7,"column":3}},"loc":{"start":{"line":7,"column":35},"end":{"line":33,"column":3}},"line":7},"2":{"name":"(anonymous_2)","decl":{"start":{"line":11,"column":12},"end":{"line":11,"column":13}},"loc":{"start":{"line":11,"column":24},"end":{"line":16,"column":7}},"line":11},"3":{"name":"(anonymous_3)","decl":{"start":{"line":17,"column":12},"end":{"line":17,"column":13}},"loc":{"start":{"line":17,"column":31},"end":{"line":20,"column":7}},"line":17},"4":{"name":"(anonymous_4)","decl":{"start":{"line":21,"column":12},"end":{"line":21,"column":13}},"loc":{"start":{"line":21,"column":26},"end":{"line":32,"column":7}},"line":21},"5":{"name":"(anonymous_5)","decl":{"start":{"line":35,"column":30},"end":{"line":35,"column":31}},"loc":{"start":{"line":35,"column":76},"end":{"line":41,"column":1}},"line":35},"6":{"name":"(anonymous_6)","decl":{"start":{"line":37,"column":10},"end":{"line":37,"column":11}},"loc":{"start":{"line":37,"column":16},"end":{"line":37,"column":51}},"line":37},"7":{"name":"(anonymous_7)","decl":{"start":{"line":38,"column":10},"end":{"line":38,"column":11}},"loc":{"start":{"line":38,"column":27},"end":{"line":40,"column":5}},"line":38}},"branchMap":{"0":{"loc":{"start":{"line":12,"column":8},"end":{"line":14,"column":9}},"type":"if","locations":[{"start":{"line":12,"column":8},"end":{"line":14,"column":9}},{"start":{},"end":{}}],"line":12}},"s":{"0":21,"1":21,"2":21,"3":8,"4":8,"5":8,"6":8,"7":1,"8":7,"9":8,"10":8,"11":8,"12":8,"13":8,"14":21,"15":8,"16":8,"17":8,"18":21},"f":{"0":8,"1":8,"2":8,"3":8,"4":8,"5":8,"6":8,"7":8},"b":{"0":[1,7]},"_coverageSchema":"1a1c01bbd47fc00a2c39e90264f33305004495a9","hash":"46427d17c448680148afc57968c88a9b95224f43"}
,"/Users/notspencer/Documents/woofer/server/src/controllers/matches/documentUserSwipeAccept/handleMutualAccept.js": {"path":"/Users/notspencer/Documents/woofer/server/src/controllers/matches/documentUserSwipeAccept/handleMutualAccept.js","statementMap":{"0":{"start":{"line":1,"column":26},"end":{"line":1,"column":83}},"1":{"start":{"line":2,"column":27},"end":{"line":2,"column":85}},"2":{"start":{"line":3,"column":22},"end":{"line":3,"column":61}},"3":{"start":{"line":5,"column":31},"end":{"line":5,"column":94}},"4":{"start":{"line":6,"column":28},"end":{"line":6,"column":88}},"5":{"start":{"line":7,"column":33},"end":{"line":7,"column":100}},"6":{"start":{"line":9,"column":27},"end":{"line":33,"column":1}},"7":{"start":{"line":10,"column":2},"end":{"line":32,"column":6}},"8":{"start":{"line":12,"column":6},"end":{"line":12,"column":61}},"9":{"start":{"line":15,"column":6},"end":{"line":24,"column":27}},"10":{"start":{"line":17,"column":10},"end":{"line":22,"column":11}},"11":{"start":{"line":24,"column":20},"end":{"line":24,"column":26}},"12":{"start":{"line":27,"column":6},"end":{"line":31,"column":7}},"13":{"start":{"line":29,"column":10},"end":{"line":29,"column":40}},"14":{"start":{"line":35,"column":0},"end":{"line":35,"column":35}}},"fnMap":{"0":{"name":"(anonymous_0)","decl":{"start":{"line":9,"column":27},"end":{"line":9,"column":28}},"loc":{"start":{"line":9,"column":60},"end":{"line":33,"column":1}},"line":9},"1":{"name":"(anonymous_1)","decl":{"start":{"line":11,"column":10},"end":{"line":11,"column":11}},"loc":{"start":{"line":11,"column":16},"end":{"line":13,"column":5}},"line":11},"2":{"name":"(anonymous_2)","decl":{"start":{"line":14,"column":10},"end":{"line":14,"column":11}},"loc":{"start":{"line":14,"column":22},"end":{"line":25,"column":5}},"line":14},"3":{"name":"(anonymous_3)","decl":{"start":{"line":16,"column":14},"end":{"line":16,"column":15}},"loc":{"start":{"line":16,"column":20},"end":{"line":23,"column":9}},"line":16},"4":{"name":"(anonymous_4)","decl":{"start":{"line":24,"column":14},"end":{"line":24,"column":15}},"loc":{"start":{"line":24,"column":20},"end":{"line":24,"column":26}},"line":24},"5":{"name":"(anonymous_5)","decl":{"start":{"line":26,"column":10},"end":{"line":26,"column":11}},"loc":{"start":{"line":26,"column":22},"end":{"line":32,"column":5}},"line":26},"6":{"name":"(anonymous_6)","decl":{"start":{"line":28,"column":8},"end":{"line":28,"column":9}},"loc":{"start":{"line":28,"column":25},"end":{"line":30,"column":9}},"line":28}},"branchMap":{},"s":{"0":21,"1":21,"2":21,"3":21,"4":21,"5":21,"6":21,"7":0,"8":0,"9":0,"10":0,"11":0,"12":0,"13":0,"14":21},"f":{"0":0,"1":0,"2":0,"3":0,"4":0,"5":0,"6":0},"b":{},"_coverageSchema":"1a1c01bbd47fc00a2c39e90264f33305004495a9","hash":"56bc85c446c2b6ec09ceaa1b6d327bbff38e97ee"}
,"/Users/notspencer/Documents/woofer/server/src/controllers/matches/documentUserSwipeAccept/index.js": {"path":"/Users/notspencer/Documents/woofer/server/src/controllers/matches/documentUserSwipeAccept/index.js","statementMap":{"0":{"start":{"line":1,"column":21},"end":{"line":1,"column":60}},"1":{"start":{"line":2,"column":19},"end":{"line":2,"column":56}},"2":{"start":{"line":3,"column":22},"end":{"line":3,"column":61}},"3":{"start":{"line":4,"column":28},"end":{"line":4,"column":73}},"4":{"start":{"line":6,"column":25},"end":{"line":6,"column":84}},"5":{"start":{"line":7,"column":30},"end":{"line":7,"column":94}},"6":{"start":{"line":8,"column":28},"end":{"line":8,"column":90}},"7":{"start":{"line":9,"column":31},"end":{"line":9,"column":79}},"8":{"start":{"line":11,"column":27},"end":{"line":11,"column":58}},"9":{"start":{"line":12,"column":30},"end":{"line":12,"column":64}},"10":{"start":{"line":14,"column":32},"end":{"line":71,"column":1}},"11":{"start":{"line":15,"column":21},"end":{"line":15,"column":77}},"12":{"start":{"line":16,"column":2},"end":{"line":22,"column":3}},"13":{"start":{"line":17,"column":16},"end":{"line":17,"column":71}},"14":{"start":{"line":18,"column":24},"end":{"line":20,"column":6}},"15":{"start":{"line":19,"column":6},"end":{"line":19,"column":17}},"16":{"start":{"line":21,"column":4},"end":{"line":21,"column":22}},"17":{"start":{"line":24,"column":22},"end":{"line":24,"column":60}},"18":{"start":{"line":26,"column":2},"end":{"line":70,"column":6}},"19":{"start":{"line":29,"column":24},"end":{"line":29,"column":50}},"20":{"start":{"line":30,"column":6},"end":{"line":30,"column":55}},"21":{"start":{"line":31,"column":6},"end":{"line":31,"column":22}},"22":{"start":{"line":35,"column":21},"end":{"line":39,"column":7}},"23":{"start":{"line":40,"column":22},"end":{"line":40,"column":51}},"24":{"start":{"line":41,"column":6},"end":{"line":41,"column":69}},"25":{"start":{"line":45,"column":6},"end":{"line":45,"column":61}},"26":{"start":{"line":48,"column":6},"end":{"line":56,"column":7}},"27":{"start":{"line":52,"column":8},"end":{"line":52,"column":62}},"28":{"start":{"line":55,"column":8},"end":{"line":55,"column":78}},"29":{"start":{"line":59,"column":26},"end":{"line":62,"column":7}},"30":{"start":{"line":64,"column":6},"end":{"line":66,"column":8}},"31":{"start":{"line":65,"column":8},"end":{"line":65,"column":41}},"32":{"start":{"line":69,"column":6},"end":{"line":69,"column":79}},"33":{"start":{"line":73,"column":0},"end":{"line":73,"column":40}}},"fnMap":{"0":{"name":"(anonymous_0)","decl":{"start":{"line":14,"column":32},"end":{"line":14,"column":33}},"loc":{"start":{"line":14,"column":78},"end":{"line":71,"column":1}},"line":14},"1":{"name":"(anonymous_1)","decl":{"start":{"line":18,"column":36},"end":{"line":18,"column":37}},"loc":{"start":{"line":18,"column":57},"end":{"line":20,"column":5}},"line":18},"2":{"name":"(anonymous_2)","decl":{"start":{"line":27,"column":10},"end":{"line":27,"column":11}},"loc":{"start":{"line":27,"column":27},"end":{"line":32,"column":5}},"line":27},"3":{"name":"(anonymous_3)","decl":{"start":{"line":33,"column":10},"end":{"line":33,"column":11}},"loc":{"start":{"line":33,"column":29},"end":{"line":42,"column":5}},"line":33},"4":{"name":"(anonymous_4)","decl":{"start":{"line":43,"column":10},"end":{"line":43,"column":11}},"loc":{"start":{"line":43,"column":16},"end":{"line":46,"column":5}},"line":43},"5":{"name":"(anonymous_5)","decl":{"start":{"line":47,"column":10},"end":{"line":47,"column":11}},"loc":{"start":{"line":47,"column":26},"end":{"line":57,"column":5}},"line":47},"6":{"name":"(anonymous_6)","decl":{"start":{"line":58,"column":10},"end":{"line":58,"column":11}},"loc":{"start":{"line":58,"column":37},"end":{"line":67,"column":5}},"line":58},"7":{"name":"(anonymous_7)","decl":{"start":{"line":64,"column":60},"end":{"line":64,"column":61}},"loc":{"start":{"line":64,"column":66},"end":{"line":66,"column":7}},"line":64},"8":{"name":"(anonymous_8)","decl":{"start":{"line":68,"column":11},"end":{"line":68,"column":12}},"loc":{"start":{"line":68,"column":20},"end":{"line":70,"column":5}},"line":68}},"branchMap":{"0":{"loc":{"start":{"line":15,"column":21},"end":{"line":15,"column":77}},"type":"binary-expr","locations":[{"start":{"line":15,"column":21},"end":{"line":15,"column":44}},{"start":{"line":15,"column":48},"end":{"line":15,"column":77}}],"line":15},"1":{"loc":{"start":{"line":16,"column":2},"end":{"line":22,"column":3}},"type":"if","locations":[{"start":{"line":16,"column":2},"end":{"line":22,"column":3}},{"start":{},"end":{}}],"line":16},"2":{"loc":{"start":{"line":16,"column":6},"end":{"line":16,"column":62}},"type":"binary-expr","locations":[{"start":{"line":16,"column":6},"end":{"line":16,"column":16}},{"start":{"line":16,"column":20},"end":{"line":16,"column":32}},{"start":{"line":16,"column":36},"end":{"line":16,"column":47}},{"start":{"line":16,"column":51},"end":{"line":16,"column":62}}],"line":16},"3":{"loc":{"start":{"line":48,"column":6},"end":{"line":56,"column":7}},"type":"if","locations":[{"start":{"line":48,"column":6},"end":{"line":56,"column":7}},{"start":{"line":53,"column":13},"end":{"line":56,"column":7}}],"line":48}},"s":{"0":21,"1":21,"2":21,"3":21,"4":21,"5":21,"6":21,"7":21,"8":21,"9":21,"10":21,"11":10,"12":10,"13":2,"14":2,"15":2,"16":2,"17":8,"18":8,"19":8,"20":8,"21":8,"22":8,"23":8,"24":8,"25":8,"26":8,"27":0,"28":8,"29":8,"30":8,"31":8,"32":0,"33":21},"f":{"0":10,"1":2,"2":8,"3":8,"4":8,"5":8,"6":8,"7":8,"8":0},"b":{"0":[10,9],"1":[2,8],"2":[10,8,8,8],"3":[0,8]},"_coverageSchema":"1a1c01bbd47fc00a2c39e90264f33305004495a9","hash":"8f80f43b9db86d50836dab3cc48222fd50b7da9e"}
,"/Users/notspencer/Documents/woofer/server/src/controllers/matches/documentUserSwipeReject/index.js": {"path":"/Users/notspencer/Documents/woofer/server/src/controllers/matches/documentUserSwipeReject/index.js","statementMap":{"0":{"start":{"line":1,"column":21},"end":{"line":1,"column":60}},"1":{"start":{"line":2,"column":21},"end":{"line":2,"column":58}},"2":{"start":{"line":3,"column":22},"end":{"line":3,"column":61}},"3":{"start":{"line":4,"column":28},"end":{"line":4,"column":73}},"4":{"start":{"line":6,"column":33},"end":{"line":6,"column":100}},"5":{"start":{"line":7,"column":30},"end":{"line":7,"column":94}},"6":{"start":{"line":8,"column":26},"end":{"line":8,"column":83}},"7":{"start":{"line":9,"column":28},"end":{"line":9,"column":90}},"8":{"start":{"line":10,"column":31},"end":{"line":10,"column":79}},"9":{"start":{"line":11,"column":25},"end":{"line":11,"column":84}},"10":{"start":{"line":13,"column":32},"end":{"line":73,"column":1}},"11":{"start":{"line":14,"column":21},"end":{"line":14,"column":77}},"12":{"start":{"line":15,"column":2},"end":{"line":21,"column":3}},"13":{"start":{"line":16,"column":16},"end":{"line":16,"column":71}},"14":{"start":{"line":17,"column":24},"end":{"line":19,"column":6}},"15":{"start":{"line":18,"column":6},"end":{"line":18,"column":17}},"16":{"start":{"line":20,"column":4},"end":{"line":20,"column":22}},"17":{"start":{"line":23,"column":22},"end":{"line":23,"column":60}},"18":{"start":{"line":24,"column":2},"end":{"line":72,"column":6}},"19":{"start":{"line":27,"column":24},"end":{"line":27,"column":50}},"20":{"start":{"line":28,"column":6},"end":{"line":28,"column":55}},"21":{"start":{"line":29,"column":6},"end":{"line":29,"column":22}},"22":{"start":{"line":33,"column":21},"end":{"line":37,"column":7}},"23":{"start":{"line":38,"column":22},"end":{"line":38,"column":51}},"24":{"start":{"line":39,"column":6},"end":{"line":39,"column":69}},"25":{"start":{"line":43,"column":6},"end":{"line":43,"column":61}},"26":{"start":{"line":46,"column":6},"end":{"line":58,"column":7}},"27":{"start":{"line":48,"column":8},"end":{"line":52,"column":10}},"28":{"start":{"line":49,"column":10},"end":{"line":51,"column":12}},"29":{"start":{"line":50,"column":12},"end":{"line":50,"column":40}},"30":{"start":{"line":55,"column":8},"end":{"line":57,"column":10}},"31":{"start":{"line":56,"column":10},"end":{"line":56,"column":38}},"32":{"start":{"line":61,"column":26},"end":{"line":64,"column":7}},"33":{"start":{"line":66,"column":6},"end":{"line":68,"column":8}},"34":{"start":{"line":67,"column":8},"end":{"line":67,"column":41}},"35":{"start":{"line":71,"column":6},"end":{"line":71,"column":78}},"36":{"start":{"line":75,"column":0},"end":{"line":75,"column":40}}},"fnMap":{"0":{"name":"(anonymous_0)","decl":{"start":{"line":13,"column":32},"end":{"line":13,"column":33}},"loc":{"start":{"line":13,"column":78},"end":{"line":73,"column":1}},"line":13},"1":{"name":"(anonymous_1)","decl":{"start":{"line":17,"column":36},"end":{"line":17,"column":37}},"loc":{"start":{"line":17,"column":57},"end":{"line":19,"column":5}},"line":17},"2":{"name":"(anonymous_2)","decl":{"start":{"line":25,"column":10},"end":{"line":25,"column":11}},"loc":{"start":{"line":25,"column":27},"end":{"line":30,"column":5}},"line":25},"3":{"name":"(anonymous_3)","decl":{"start":{"line":31,"column":10},"end":{"line":31,"column":11}},"loc":{"start":{"line":31,"column":29},"end":{"line":40,"column":5}},"line":31},"4":{"name":"(anonymous_4)","decl":{"start":{"line":41,"column":10},"end":{"line":41,"column":11}},"loc":{"start":{"line":41,"column":16},"end":{"line":44,"column":5}},"line":41},"5":{"name":"(anonymous_5)","decl":{"start":{"line":45,"column":10},"end":{"line":45,"column":11}},"loc":{"start":{"line":45,"column":26},"end":{"line":59,"column":5}},"line":45},"6":{"name":"(anonymous_6)","decl":{"start":{"line":48,"column":74},"end":{"line":48,"column":75}},"loc":{"start":{"line":48,"column":80},"end":{"line":52,"column":9}},"line":48},"7":{"name":"(anonymous_7)","decl":{"start":{"line":49,"column":58},"end":{"line":49,"column":59}},"loc":{"start":{"line":49,"column":75},"end":{"line":51,"column":11}},"line":49},"8":{"name":"(anonymous_8)","decl":{"start":{"line":55,"column":56},"end":{"line":55,"column":57}},"loc":{"start":{"line":55,"column":73},"end":{"line":57,"column":9}},"line":55},"9":{"name":"(anonymous_9)","decl":{"start":{"line":60,"column":10},"end":{"line":60,"column":11}},"loc":{"start":{"line":60,"column":37},"end":{"line":69,"column":5}},"line":60},"10":{"name":"(anonymous_10)","decl":{"start":{"line":66,"column":60},"end":{"line":66,"column":61}},"loc":{"start":{"line":66,"column":66},"end":{"line":68,"column":7}},"line":66},"11":{"name":"(anonymous_11)","decl":{"start":{"line":70,"column":11},"end":{"line":70,"column":12}},"loc":{"start":{"line":70,"column":20},"end":{"line":72,"column":5}},"line":70}},"branchMap":{"0":{"loc":{"start":{"line":14,"column":21},"end":{"line":14,"column":77}},"type":"binary-expr","locations":[{"start":{"line":14,"column":21},"end":{"line":14,"column":44}},{"start":{"line":14,"column":48},"end":{"line":14,"column":77}}],"line":14},"1":{"loc":{"start":{"line":15,"column":2},"end":{"line":21,"column":3}},"type":"if","locations":[{"start":{"line":15,"column":2},"end":{"line":21,"column":3}},{"start":{},"end":{}}],"line":15},"2":{"loc":{"start":{"line":15,"column":6},"end":{"line":15,"column":73}},"type":"binary-expr","locations":[{"start":{"line":15,"column":6},"end":{"line":15,"column":16}},{"start":{"line":15,"column":20},"end":{"line":15,"column":45}},{"start":{"line":15,"column":49},"end":{"line":15,"column":73}}],"line":15},"3":{"loc":{"start":{"line":46,"column":6},"end":{"line":58,"column":7}},"type":"if","locations":[{"start":{"line":46,"column":6},"end":{"line":58,"column":7}},{"start":{"line":53,"column":13},"end":{"line":58,"column":7}}],"line":46}},"s":{"0":21,"1":21,"2":21,"3":21,"4":21,"5":21,"6":21,"7":21,"8":21,"9":21,"10":21,"11":6,"12":6,"13":2,"14":2,"15":2,"16":2,"17":4,"18":4,"19":4,"20":4,"21":4,"22":4,"23":4,"24":4,"25":4,"26":4,"27":0,"28":0,"29":0,"30":4,"31":4,"32":4,"33":4,"34":2,"35":0,"36":21},"f":{"0":6,"1":2,"2":4,"3":4,"4":4,"5":4,"6":0,"7":0,"8":4,"9":4,"10":2,"11":0},"b":{"0":[6,5],"1":[2,4],"2":[6,4,4],"3":[0,4]},"_coverageSchema":"1a1c01bbd47fc00a2c39e90264f33305004495a9","hash":"c56ae47991c7432057f830a9594d4a36cb6f3c34"}
,"/Users/notspencer/Documents/woofer/server/src/controllers/matches/randomUserFromZipPool/index.js": {"path":"/Users/notspencer/Documents/woofer/server/src/controllers/matches/randomUserFromZipPool/index.js","statementMap":{"0":{"start":{"line":1,"column":20},"end":{"line":1,"column":58}},"1":{"start":{"line":2,"column":22},"end":{"line":2,"column":61}},"2":{"start":{"line":3,"column":28},"end":{"line":3,"column":73}},"3":{"start":{"line":4,"column":26},"end":{"line":4,"column":83}},"4":{"start":{"line":6,"column":32},"end":{"line":6,"column":68}},"5":{"start":{"line":8,"column":30},"end":{"line":75,"column":1}},"6":{"start":{"line":9,"column":21},"end":{"line":9,"column":77}},"7":{"start":{"line":10,"column":2},"end":{"line":16,"column":3}},"8":{"start":{"line":11,"column":16},"end":{"line":11,"column":69}},"9":{"start":{"line":12,"column":24},"end":{"line":14,"column":6}},"10":{"start":{"line":13,"column":6},"end":{"line":13,"column":17}},"11":{"start":{"line":15,"column":4},"end":{"line":15,"column":22}},"12":{"start":{"line":18,"column":20},"end":{"line":18,"column":54}},"13":{"start":{"line":20,"column":2},"end":{"line":74,"column":6}},"14":{"start":{"line":22,"column":6},"end":{"line":28,"column":7}},"15":{"start":{"line":24,"column":57},"end":{"line":24,"column":63}},"16":{"start":{"line":25,"column":8},"end":{"line":25,"column":30}},"17":{"start":{"line":27,"column":8},"end":{"line":27,"column":17}},"18":{"start":{"line":32,"column":25},"end":{"line":32,"column":47}},"19":{"start":{"line":34,"column":6},"end":{"line":46,"column":7}},"20":{"start":{"line":35,"column":8},"end":{"line":35,"column":14}},"21":{"start":{"line":37,"column":26},"end":{"line":37,"column":30}},"22":{"start":{"line":38,"column":8},"end":{"line":43,"column":9}},"23":{"start":{"line":39,"column":25},"end":{"line":39,"column":82}},"24":{"start":{"line":40,"column":10},"end":{"line":42,"column":11}},"25":{"start":{"line":41,"column":12},"end":{"line":41,"column":32}},"26":{"start":{"line":45,"column":8},"end":{"line":45,"column":48}},"27":{"start":{"line":49,"column":6},"end":{"line":61,"column":7}},"28":{"start":{"line":50,"column":8},"end":{"line":50,"column":56}},"29":{"start":{"line":53,"column":60},"end":{"line":53,"column":72}},"30":{"start":{"line":54,"column":27},"end":{"line":54,"column":61}},"31":{"start":{"line":56,"column":28},"end":{"line":56,"column":60}},"32":{"start":{"line":57,"column":8},"end":{"line":59,"column":9}},"33":{"start":{"line":58,"column":10},"end":{"line":58,"column":65}},"34":{"start":{"line":60,"column":8},"end":{"line":60,"column":71}},"35":{"start":{"line":64,"column":74},"end":{"line":64,"column":80}},"36":{"start":{"line":67,"column":6},"end":{"line":70,"column":7}},"37":{"start":{"line":73,"column":6},"end":{"line":73,"column":77}},"38":{"start":{"line":77,"column":0},"end":{"line":77,"column":38}}},"fnMap":{"0":{"name":"(anonymous_0)","decl":{"start":{"line":8,"column":30},"end":{"line":8,"column":31}},"loc":{"start":{"line":8,"column":79},"end":{"line":75,"column":1}},"line":8},"1":{"name":"(anonymous_1)","decl":{"start":{"line":12,"column":36},"end":{"line":12,"column":37}},"loc":{"start":{"line":12,"column":57},"end":{"line":14,"column":5}},"line":12},"2":{"name":"(anonymous_2)","decl":{"start":{"line":21,"column":10},"end":{"line":21,"column":11}},"loc":{"start":{"line":21,"column":22},"end":{"line":29,"column":5}},"line":21},"3":{"name":"(anonymous_3)","decl":{"start":{"line":30,"column":10},"end":{"line":30,"column":11}},"loc":{"start":{"line":30,"column":25},"end":{"line":47,"column":5}},"line":30},"4":{"name":"(anonymous_4)","decl":{"start":{"line":48,"column":10},"end":{"line":48,"column":11}},"loc":{"start":{"line":48,"column":28},"end":{"line":62,"column":5}},"line":48},"5":{"name":"(anonymous_5)","decl":{"start":{"line":63,"column":10},"end":{"line":63,"column":11}},"loc":{"start":{"line":63,"column":22},"end":{"line":71,"column":5}},"line":63},"6":{"name":"(anonymous_6)","decl":{"start":{"line":72,"column":11},"end":{"line":72,"column":12}},"loc":{"start":{"line":72,"column":20},"end":{"line":74,"column":5}},"line":72}},"branchMap":{"0":{"loc":{"start":{"line":9,"column":21},"end":{"line":9,"column":77}},"type":"binary-expr","locations":[{"start":{"line":9,"column":21},"end":{"line":9,"column":44}},{"start":{"line":9,"column":48},"end":{"line":9,"column":77}}],"line":9},"1":{"loc":{"start":{"line":10,"column":2},"end":{"line":16,"column":3}},"type":"if","locations":[{"start":{"line":10,"column":2},"end":{"line":16,"column":3}},{"start":{},"end":{}}],"line":10},"2":{"loc":{"start":{"line":10,"column":6},"end":{"line":10,"column":65}},"type":"binary-expr","locations":[{"start":{"line":10,"column":6},"end":{"line":10,"column":16}},{"start":{"line":10,"column":20},"end":{"line":10,"column":27}},{"start":{"line":10,"column":31},"end":{"line":10,"column":44}},{"start":{"line":10,"column":48},"end":{"line":10,"column":65}}],"line":10},"3":{"loc":{"start":{"line":22,"column":6},"end":{"line":28,"column":7}},"type":"if","locations":[{"start":{"line":22,"column":6},"end":{"line":28,"column":7}},{"start":{"line":26,"column":13},"end":{"line":28,"column":7}}],"line":22},"4":{"loc":{"start":{"line":25,"column":15},"end":{"line":25,"column":30}},"type":"binary-expr","locations":[{"start":{"line":25,"column":15},"end":{"line":25,"column":24}},{"start":{"line":25,"column":28},"end":{"line":25,"column":30}}],"line":25},"5":{"loc":{"start":{"line":34,"column":6},"end":{"line":46,"column":7}},"type":"if","locations":[{"start":{"line":34,"column":6},"end":{"line":46,"column":7}},{"start":{"line":36,"column":13},"end":{"line":46,"column":7}}],"line":34},"6":{"loc":{"start":{"line":40,"column":10},"end":{"line":42,"column":11}},"type":"if","locations":[{"start":{"line":40,"column":10},"end":{"line":42,"column":11}},{"start":{},"end":{}}],"line":40},"7":{"loc":{"start":{"line":49,"column":6},"end":{"line":61,"column":7}},"type":"if","locations":[{"start":{"line":49,"column":6},"end":{"line":61,"column":7}},{"start":{"line":51,"column":13},"end":{"line":61,"column":7}}],"line":49},"8":{"loc":{"start":{"line":57,"column":8},"end":{"line":59,"column":9}},"type":"if","locations":[{"start":{"line":57,"column":8},"end":{"line":59,"column":9}},{"start":{},"end":{}}],"line":57},"9":{"loc":{"start":{"line":68,"column":37},"end":{"line":68,"column":71}},"type":"cond-expr","locations":[{"start":{"line":68,"column":52},"end":{"line":68,"column":64}},{"start":{"line":68,"column":67},"end":{"line":68,"column":71}}],"line":68}},"s":{"0":21,"1":21,"2":21,"3":21,"4":21,"5":21,"6":6,"7":6,"8":3,"9":3,"10":3,"11":3,"12":3,"13":3,"14":3,"15":1,"16":1,"17":2,"18":3,"19":3,"20":2,"21":1,"22":1,"23":1,"24":1,"25":1,"26":1,"27":3,"28":2,"29":1,"30":1,"31":1,"32":1,"33":1,"34":0,"35":3,"36":3,"37":0,"38":21},"f":{"0":6,"1":3,"2":3,"3":3,"4":3,"5":3,"6":0},"b":{"0":[6,4],"1":[3,3],"2":[6,3,3,3],"3":[1,2],"4":[1,0],"5":[2,1],"6":[1,0],"7":[2,1],"8":[1,0],"9":[1,2]},"_coverageSchema":"1a1c01bbd47fc00a2c39e90264f33305004495a9","hash":"63ce2bd69a538080705ecd0f8dc85bfc71ecfc18"}
[...]
,"/Users/notspencer/Documents/woofer/server/src/routes/matchesRoutes/index.js": {"path":"/Users/notspencer/Documents/woofer/server/src/routes/matchesRoutes/index.js","statementMap":{"0":{"start":{"line":1,"column":16},"end":{"line":1,"column":34}},"1":{"start":{"line":5,"column":4},"end":{"line":5,"column":40}},"2":{"start":{"line":6,"column":39},"end":{"line":6,"column":75}},"3":{"start":{"line":7,"column":22},"end":{"line":7,"column":48}},"4":{"start":{"line":9,"column":15},"end":{"line":9,"column":31}},"5":{"start":{"line":11,"column":0},"end":{"line":11,"column":70}},"6":{"start":{"line":12,"column":0},"end":{"line":12,"column":69}},"7":{"start":{"line":14,"column":0},"end":{"line":14,"column":23}}},"fnMap":{},"branchMap":{},"s":{"0":21,"1":21,"2":21,"3":21,"4":21,"5":21,"6":21,"7":21},"f":{},"b":{},"_coverageSchema":"1a1c01bbd47fc00a2c39e90264f33305004495a9","hash":"98d92753745723db70fd61a5e192372608859661"}
,"/Users/notspencer/Documents/woofer/server/src/routes/profileRoutes/index.js": {"path":"/Users/notspencer/Documents/woofer/server/src/routes/profileRoutes/index.js","statementMap":{"0":{"start":{"line":1,"column":16},"end":{"line":1,"column":34}},"1":{"start":{"line":7,"column":4},"end":{"line":7,"column":40}},"2":{"start":{"line":8,"column":39},"end":{"line":8,"column":75}},"3":{"start":{"line":9,"column":22},"end":{"line":9,"column":48}},"4":{"start":{"line":11,"column":15},"end":{"line":11,"column":31}},"5":{"start":{"line":13,"column":0},"end":{"line":13,"column":30}},"6":{"start":{"line":14,"column":0},"end":{"line":14,"column":69}},"7":{"start":{"line":15,"column":0},"end":{"line":15,"column":69}},"8":{"start":{"line":16,"column":0},"end":{"line":16,"column":71}},"9":{"start":{"line":18,"column":0},"end":{"line":18,"column":23}}},"fnMap":{},"branchMap":{},"s":{"0":21,"1":21,"2":21,"3":21,"4":21,"5":21,"6":21,"7":21,"8":21,"9":21},"f":{},"b":{},"_coverageSchema":"1a1c01bbd47fc00a2c39e90264f33305004495a9","hash":"5547637a708c045f8fa01824d89684efe42ebcd3"}
,"/Users/notspencer/Documents/woofer/server/src/routes/signupRoutes/index.js": {"path":"/Users/notspencer/Documents/woofer/server/src/routes/signupRoutes/index.js","statementMap":{"0":{"start":{"line":1,"column":16},"end":{"line":1,"column":34}},"1":{"start":{"line":2,"column":23},"end":{"line":2,"column":58}},"2":{"start":{"line":6,"column":15},"end":{"line":6,"column":31}},"3":{"start":{"line":8,"column":0},"end":{"line":8,"column":28}},"4":{"start":{"line":10,"column":0},"end":{"line":10,"column":23}}},"fnMap":{},"branchMap":{},"s":{"0":21,"1":21,"2":21,"3":21,"4":21},"f":{},"b":{},"_coverageSchema":"1a1c01bbd47fc00a2c39e90264f33305004495a9","hash":"e3676c867fa15ada87dede0730e920ee3eeda830"}
,"/Users/notspencer/Documents/woofer/server/src/routes/zipcodesRoutes/index.js": {"path":"/Users/notspencer/Documents/woofer/server/src/routes/zipcodesRoutes/index.js","statementMap":{"0":{"start":{"line":1,"column":16},"end":{"line":1,"column":34}},"1":{"start":{"line":6,"column":4},"end":{"line":6,"column":41}},"2":{"start":{"line":7,"column":28},"end":{"line":7,"column":64}},"3":{"start":{"line":8,"column":22},"end":{"line":8,"column":49}},"4":{"start":{"line":10,"column":15},"end":{"line":10,"column":31}},"5":{"start":{"line":12,"column":0},"end":{"line":12,"column":63}},"6":{"start":{"line":13,"column":0},"end":{"line":13,"column":62}},"7":{"start":{"line":14,"column":0},"end":{"line":14,"column":70}},"8":{"start":{"line":16,"column":0},"end":{"line":16,"column":23}}},"fnMap":{},"branchMap":{},"s":{"0":21,"1":21,"2":21,"3":21,"4":21,"5":21,"6":21,"7":21,"8":21},"f":{},"b":{},"_coverageSchema":"1a1c01bbd47fc00a2c39e90264f33305004495a9","hash":"26fc123140c44ddecc7c1ca4733163cc4c3030e7"}
,"/Users/notspencer/Documents/woofer/server/src/utils/ApiError.js": {"path":"/Users/notspencer/Documents/woofer/server/src/utils/ApiError.js","statementMap":{"0":{"start":{"line":3,"column":4},"end":{"line":3,"column":18}},"1":{"start":{"line":4,"column":4},"end":{"line":4,"column":32}},"2":{"start":{"line":5,"column":4},"end":{"line":5,"column":38}},"3":{"start":{"line":6,"column":4},"end":{"line":10,"column":5}},"4":{"start":{"line":7,"column":6},"end":{"line":7,"column":24}},"5":{"start":{"line":9,"column":6},"end":{"line":9,"column":53}},"6":{"start":{"line":14,"column":0},"end":{"line":14,"column":25}}},"fnMap":{"0":{"name":"(anonymous_0)","decl":{"start":{"line":2,"column":2},"end":{"line":2,"column":3}},"loc":{"start":{"line":2,"column":69},"end":{"line":11,"column":3}},"line":2}},"branchMap":{"0":{"loc":{"start":{"line":2,"column":35},"end":{"line":2,"column":55}},"type":"default-arg","locations":[{"start":{"line":2,"column":51},"end":{"line":2,"column":55}}],"line":2},"1":{"loc":{"start":{"line":2,"column":57},"end":{"line":2,"column":67}},"type":"default-arg","locations":[{"start":{"line":2,"column":65},"end":{"line":2,"column":67}}],"line":2},"2":{"loc":{"start":{"line":6,"column":4},"end":{"line":10,"column":5}},"type":"if","locations":[{"start":{"line":6,"column":4},"end":{"line":10,"column":5}},{"start":{"line":8,"column":11},"end":{"line":10,"column":5}}],"line":6}},"s":{"0":1,"1":1,"2":1,"3":1,"4":0,"5":1,"6":21},"f":{"0":1},"b":{"0":[1],"1":[1],"2":[0,1]},"_coverageSchema":"1a1c01bbd47fc00a2c39e90264f33305004495a9","hash":"bdb1ff96cc2cf75c3008a7f7cdf5c0205148a884"}
,"/Users/notspencer/Documents/woofer/server/src/utils/handleErrorResponse.js": {"path":"/Users/notspencer/Documents/woofer/server/src/utils/handleErrorResponse.js","statementMap":{"0":{"start":{"line":1,"column":15},"end":{"line":1,"column":45}},"1":{"start":{"line":3,"column":28},"end":{"line":14,"column":1}},"2":{"start":{"line":4,"column":2},"end":{"line":4,"column":19}},"3":{"start":{"line":5,"column":2},"end":{"line":7,"column":3}},"4":{"start":{"line":6,"column":4},"end":{"line":6,"column":41}},"5":{"start":{"line":8,"column":2},"end":{"line":10,"column":3}},"6":{"start":{"line":9,"column":4},"end":{"line":9,"column":20}},"7":{"start":{"line":11,"column":2},"end":{"line":13,"column":3}},"8":{"start":{"line":12,"column":4},"end":{"line":12,"column":16}},"9":{"start":{"line":16,"column":0},"end":{"line":16,"column":36}}},"fnMap":{"0":{"name":"(anonymous_0)","decl":{"start":{"line":3,"column":28},"end":{"line":3,"column":29}},"loc":{"start":{"line":3,"column":54},"end":{"line":14,"column":1}},"line":3}},"branchMap":{"0":{"loc":{"start":{"line":3,"column":39},"end":{"line":3,"column":49}},"type":"default-arg","locations":[{"start":{"line":3,"column":46},"end":{"line":3,"column":49}}],"line":3},"1":{"loc":{"start":{"line":5,"column":2},"end":{"line":7,"column":3}},"type":"if","locations":[{"start":{"line":5,"column":2},"end":{"line":7,"column":3}},{"start":{},"end":{}}],"line":5},"2":{"loc":{"start":{"line":8,"column":2},"end":{"line":10,"column":3}},"type":"if","locations":[{"start":{"line":8,"column":2},"end":{"line":10,"column":3}},{"start":{},"end":{}}],"line":8},"3":{"loc":{"start":{"line":11,"column":2},"end":{"line":13,"column":3}},"type":"if","locations":[{"start":{"line":11,"column":2},"end":{"line":13,"column":3}},{"start":{},"end":{}}],"line":11}},"s":{"0":21,"1":21,"2":3,"3":3,"4":3,"5":3,"6":3,"7":3,"8":3,"9":21},"f":{"0":3},"b":{"0":[0],"1":[3,0],"2":[3,0],"3":[3,0]},"_coverageSchema":"1a1c01bbd47fc00a2c39e90264f33305004495a9","hash":"4eec5d039829a083b9fd0768225f0853001089e2"}
,"/Users/notspencer/Documents/woofer/server/src/utils/verifyKeyDataType.js": {"path":"/Users/notspencer/Documents/woofer/server/src/utils/verifyKeyDataType.js","statementMap":{"0":{"start":{"line":1,"column":36},"end":{"line":1,"column":69}},"1":{"start":{"line":3,"column":26},"end":{"line":11,"column":1}},"2":{"start":{"line":4,"column":20},"end":{"line":4,"column":53}},"3":{"start":{"line":6,"column":2},"end":{"line":9,"column":3}},"4":{"start":{"line":7,"column":4},"end":{"line":7,"column":22}},"5":{"start":{"line":8,"column":4},"end":{"line":8,"column":16}},"6":{"start":{"line":10,"column":2},"end":{"line":10,"column":13}},"7":{"start":{"line":13,"column":0},"end":{"line":13,"column":34}}},"fnMap":{"0":{"name":"(anonymous_0)","decl":{"start":{"line":3,"column":26},"end":{"line":3,"column":27}},"loc":{"start":{"line":3,"column":42},"end":{"line":11,"column":1}},"line":3}},"branchMap":{"0":{"loc":{"start":{"line":6,"column":2},"end":{"line":9,"column":3}},"type":"if","locations":[{"start":{"line":6,"column":2},"end":{"line":9,"column":3}},{"start":{},"end":{}}],"line":6}},"s":{"0":21,"1":21,"2":131,"3":131,"4":0,"5":0,"6":131,"7":21},"f":{"0":131},"b":{"0":[0,131]},"_coverageSchema":"1a1c01bbd47fc00a2c39e90264f33305004495a9","hash":"f6546647b1b2712a62f578432f2287157791f360"}
,"/Users/notspencer/Documents/woofer/server/src/utils/verifyEndpointRequest/index.js": {"path":"/Users/notspencer/Documents/woofer/server/src/utils/verifyEndpointRequest/index.js","statementMap":{"0":{"start":{"line":6,"column":4},"end":{"line":6,"column":40}},"1":{"start":{"line":8,"column":26},"end":{"line":8,"column":57}},"2":{"start":{"line":10,"column":22},"end":{"line":10,"column":55}},"3":{"start":{"line":12,"column":30},"end":{"line":79,"column":1}},"4":{"start":{"line":19,"column":2},"end":{"line":21,"column":3}},"5":{"start":{"line":20,"column":4},"end":{"line":20,"column":71}},"6":{"start":{"line":27,"column":6},"end":{"line":27,"column":47}},"7":{"start":{"line":29,"column":26},"end":{"line":48,"column":3}},"8":{"start":{"line":50,"column":2},"end":{"line":76,"column":3}},"9":{"start":{"line":50,"column":15},"end":{"line":50,"column":16}},"10":{"start":{"line":51,"column":66},"end":{"line":51,"column":84}},"11":{"start":{"line":53,"column":4},"end":{"line":75,"column":5}},"12":{"start":{"line":54,"column":6},"end":{"line":74,"column":7}},"13":{"start":{"line":54,"column":19},"end":{"line":54,"column":20}},"14":{"start":{"line":55,"column":28},"end":{"line":55,"column":46}},"15":{"start":{"line":57,"column":8},"end":{"line":64,"column":9}},"16":{"start":{"line":58,"column":10},"end":{"line":62,"column":11}},"17":{"start":{"line":63,"column":10},"end":{"line":63,"column":16}},"18":{"start":{"line":66,"column":8},"end":{"line":73,"column":9}},"19":{"start":{"line":67,"column":10},"end":{"line":71,"column":11}},"20":{"start":{"line":72,"column":10},"end":{"line":72,"column":16}},"21":{"start":{"line":78,"column":2},"end":{"line":78,"column":19}},"22":{"start":{"line":81,"column":0},"end":{"line":81,"column":38}}},"fnMap":{"0":{"name":"(anonymous_0)","decl":{"start":{"line":12,"column":30},"end":{"line":12,"column":31}},"loc":{"start":{"line":17,"column":5},"end":{"line":79,"column":1}},"line":17}},"branchMap":{"0":{"loc":{"start":{"line":19,"column":2},"end":{"line":21,"column":3}},"type":"if","locations":[{"start":{"line":19,"column":2},"end":{"line":21,"column":3}},{"start":{},"end":{}}],"line":19},"1":{"loc":{"start":{"line":19,"column":6},"end":{"line":19,"column":62}},"type":"binary-expr","locations":[{"start":{"line":19,"column":6},"end":{"line":19,"column":29}},{"start":{"line":19,"column":33},"end":{"line":19,"column":62}}],"line":19},"2":{"loc":{"start":{"line":53,"column":4},"end":{"line":75,"column":5}},"type":"if","locations":[{"start":{"line":53,"column":4},"end":{"line":75,"column":5}},{"start":{},"end":{}}],"line":53},"3":{"loc":{"start":{"line":57,"column":8},"end":{"line":64,"column":9}},"type":"if","locations":[{"start":{"line":57,"column":8},"end":{"line":64,"column":9}},{"start":{},"end":{}}],"line":57},"4":{"loc":{"start":{"line":57,"column":12},"end":{"line":57,"column":68}},"type":"binary-expr","locations":[{"start":{"line":57,"column":12},"end":{"line":57,"column":49}},{"start":{"line":57,"column":53},"end":{"line":57,"column":68}}],"line":57},"5":{"loc":{"start":{"line":66,"column":8},"end":{"line":73,"column":9}},"type":"if","locations":[{"start":{"line":66,"column":8},"end":{"line":73,"column":9}},{"start":{},"end":{}}],"line":66}},"s":{"0":21,"1":21,"2":21,"3":21,"4":44,"5":1,"6":43,"7":42,"8":42,"9":42,"10":124,"11":124,"12":43,"13":43,"14":100,"15":100,"16":0,"17":0,"18":99,"19":0,"20":0,"21":41,"22":21},"f":{"0":44},"b":{"0":[1,43],"1":[44,44],"2":[43,81],"3":[0,99],"4":[100,0],"5":[0,99]},"_coverageSchema":"1a1c01bbd47fc00a2c39e90264f33305004495a9","hash":"33fd35d50e9e5115194e1f78e5e186c6064b4948"}
,"/Users/notspencer/Documents/woofer/server/src/utils/verifyEndpointResponse/index.js": {"path":"/Users/notspencer/Documents/woofer/server/src/utils/verifyEndpointResponse/index.js","statementMap":{"0":{"start":{"line":7,"column":4},"end":{"line":7,"column":40}},"1":{"start":{"line":9,"column":26},"end":{"line":9,"column":57}},"2":{"start":{"line":11,"column":22},"end":{"line":11,"column":55}},"3":{"start":{"line":13,"column":30},"end":{"line":49,"column":1}},"4":{"start":{"line":19,"column":19},"end":{"line":19,"column":72}},"5":{"start":{"line":20,"column":2},"end":{"line":22,"column":3}},"6":{"start":{"line":21,"column":4},"end":{"line":21,"column":72}},"7":{"start":{"line":24,"column":52},"end":{"line":27,"column":3}},"8":{"start":{"line":29,"column":2},"end":{"line":32,"column":3}},"9":{"start":{"line":30,"column":4},"end":{"line":30,"column":73}},"10":{"start":{"line":31,"column":4},"end":{"line":31,"column":10}},"11":{"start":{"line":34,"column":2},"end":{"line":46,"column":3}},"12":{"start":{"line":34,"column":15},"end":{"line":34,"column":16}},"13":{"start":{"line":35,"column":24},"end":{"line":35,"column":47}},"14":{"start":{"line":37,"column":4},"end":{"line":40,"column":5}},"15":{"start":{"line":38,"column":6},"end":{"line":38,"column":83}},"16":{"start":{"line":39,"column":6},"end":{"line":39,"column":12}},"17":{"start":{"line":42,"column":4},"end":{"line":45,"column":5}},"18":{"start":{"line":43,"column":6},"end":{"line":43,"column":83}},"19":{"start":{"line":44,"column":6},"end":{"line":44,"column":12}},"20":{"start":{"line":48,"column":2},"end":{"line":48,"column":19}},"21":{"start":{"line":51,"column":0},"end":{"line":51,"column":38}}},"fnMap":{"0":{"name":"(anonymous_0)","decl":{"start":{"line":13,"column":30},"end":{"line":13,"column":31}},"loc":{"start":{"line":18,"column":5},"end":{"line":49,"column":1}},"line":18}},"branchMap":{"0":{"loc":{"start":{"line":19,"column":19},"end":{"line":19,"column":72}},"type":"binary-expr","locations":[{"start":{"line":19,"column":19},"end":{"line":19,"column":45}},{"start":{"line":19,"column":49},"end":{"line":19,"column":72}}],"line":19},"1":{"loc":{"start":{"line":20,"column":2},"end":{"line":22,"column":3}},"type":"if","locations":[{"start":{"line":20,"column":2},"end":{"line":22,"column":3}},{"start":{},"end":{}}],"line":20},"2":{"loc":{"start":{"line":20,"column":8},"end":{"line":20,"column":47}},"type":"binary-expr","locations":[{"start":{"line":20,"column":8},"end":{"line":20,"column":16}},{"start":{"line":20,"column":20},"end":{"line":20,"column":47}}],"line":20},"3":{"loc":{"start":{"line":29,"column":2},"end":{"line":32,"column":3}},"type":"if","locations":[{"start":{"line":29,"column":2},"end":{"line":32,"column":3}},{"start":{},"end":{}}],"line":29},"4":{"loc":{"start":{"line":37,"column":4},"end":{"line":40,"column":5}},"type":"if","locations":[{"start":{"line":37,"column":4},"end":{"line":40,"column":5}},{"start":{},"end":{}}],"line":37},"5":{"loc":{"start":{"line":42,"column":4},"end":{"line":45,"column":5}},"type":"if","locations":[{"start":{"line":42,"column":4},"end":{"line":45,"column":5}},{"start":{},"end":{}}],"line":42}},"s":{"0":21,"1":21,"2":21,"3":21,"4":25,"5":25,"6":1,"7":24,"8":23,"9":0,"10":0,"11":23,"12":23,"13":35,"14":35,"15":3,"16":3,"17":32,"18":0,"19":0,"20":20,"21":21},"f":{"0":25},"b":{"0":[25,17],"1":[1,24],"2":[25,25],"3":[0,23],"4":[3,32],"5":[0,32]},"_coverageSchema":"1a1c01bbd47fc00a2c39e90264f33305004495a9","hash":"5a8a6afe8078a0f115b3e42444169d48a9aeda58"}
,"/Users/notspencer/Documents/woofer/server/tests/utils/mockUsers.js": {"path":"/Users/notspencer/Documents/woofer/server/tests/utils/mockUsers.js","statementMap":{"0":{"start":{"line":1,"column":16},"end":{"line":1,"column":36}},"1":{"start":{"line":3,"column":12},"end":{"line":3,"column":36}},"2":{"start":{"line":4,"column":27},"end":{"line":4,"column":60}},"3":{"start":{"line":6,"column":0},"end":{"line":59,"column":2}},"4":{"start":{"line":6,"column":33},"end":{"line":59,"column":1}},"5":{"start":{"line":44,"column":19},"end":{"line":44,"column":25}},"6":{"start":{"line":45,"column":26},"end":{"line":45,"column":36}},"7":{"start":{"line":46,"column":24},"end":{"line":46,"column":67}},"8":{"start":{"line":47,"column":16},"end":{"line":47,"column":53}},"9":{"start":{"line":49,"column":4},"end":{"line":57,"column":6}},"10":{"start":{"line":50,"column":6},"end":{"line":56,"column":10}},"11":{"start":{"line":54,"column":10},"end":{"line":54,"column":19}},"12":{"start":{"line":55,"column":10},"end":{"line":55,"column":30}},"13":{"start":{"line":55,"column":19},"end":{"line":55,"column":30}}},"fnMap":{"0":{"name":"(anonymous_0)","decl":{"start":{"line":6,"column":17},"end":{"line":6,"column":18}},"loc":{"start":{"line":6,"column":33},"end":{"line":59,"column":1}},"line":6},"1":{"name":"(anonymous_1)","decl":{"start":{"line":43,"column":18},"end":{"line":43,"column":19}},"loc":{"start":{"line":43,"column":34},"end":{"line":58,"column":3}},"line":43},"2":{"name":"(anonymous_2)","decl":{"start":{"line":49,"column":23},"end":{"line":49,"column":24}},"loc":{"start":{"line":49,"column":44},"end":{"line":57,"column":5}},"line":49},"3":{"name":"(anonymous_3)","decl":{"start":{"line":53,"column":13},"end":{"line":53,"column":14}},"loc":{"start":{"line":53,"column":27},"end":{"line":56,"column":9}},"line":53}},"branchMap":{"0":{"loc":{"start":{"line":55,"column":10},"end":{"line":55,"column":30}},"type":"if","locations":[{"start":{"line":55,"column":10},"end":{"line":55,"column":30}},{"start":{},"end":{}}],"line":55}},"s":{"0":21,"1":21,"2":21,"3":21,"4":21,"5":23,"6":23,"7":23,"8":23,"9":23,"10":23,"11":23,"12":23,"13":0},"f":{"0":21,"1":23,"2":23,"3":23},"b":{"0":[0,23]},"_coverageSchema":"1a1c01bbd47fc00a2c39e90264f33305004495a9","hash":"4000404cd517df7b0d20a275efdb2de27b3ef6c1"}
,"/Users/notspencer/Documents/woofer/server/tests/utils/test-helpers.js": {"path":"/Users/notspencer/Documents/woofer/server/tests/utils/test-helpers.js","statementMap":{"0":{"start":{"line":1,"column":18},"end":{"line":1,"column":51}},"1":{"start":{"line":3,"column":48},"end":{"line":5,"column":1}},"2":{"start":{"line":7,"column":16},"end":{"line":12,"column":1}},"3":{"start":{"line":8,"column":24},"end":{"line":8,"column":31}},"4":{"start":{"line":11,"column":22},"end":{"line":11,"column":23}},"5":{"start":{"line":13,"column":0},"end":{"line":13,"column":38}},"6":{"start":{"line":14,"column":0},"end":{"line":14,"column":29}},"7":{"start":{"line":15,"column":0},"end":{"line":15,"column":82}},"8":{"start":{"line":16,"column":0},"end":{"line":16,"column":27}},"9":{"start":{"line":17,"column":0},"end":{"line":17,"column":29}},"10":{"start":{"line":18,"column":0},"end":{"line":18,"column":39}},"11":{"start":{"line":19,"column":0},"end":{"line":19,"column":25}}},"fnMap":{"0":{"name":"(anonymous_0)","decl":{"start":{"line":8,"column":18},"end":{"line":8,"column":19}},"loc":{"start":{"line":8,"column":24},"end":{"line":8,"column":31}},"line":8},"1":{"name":"(anonymous_1)","decl":{"start":{"line":11,"column":15},"end":{"line":11,"column":16}},"loc":{"start":{"line":11,"column":22},"end":{"line":11,"column":23}},"line":11}},"branchMap":{},"s":{"0":21,"1":21,"2":21,"3":4,"4":0,"5":21,"6":21,"7":21,"8":21,"9":21,"10":21,"11":21},"f":{"0":4,"1":0},"b":{},"_coverageSchema":"1a1c01bbd47fc00a2c39e90264f33305004495a9","hash":"20ffc70de51d1eeac1fcaa4db5aa307af0ca6ad1"}
}
