TN:
SF:config/config.js
FNF:0
FNH:0
DA:7,21
DA:8,21
DA:9,21
DA:11,21
DA:13,21
DA:23,21
DA:27,21
DA:28,0
DA:31,21
LF:9
LH:8
BRDA:27,0,0,0
BRDA:27,0,1,21
BRF:2
BRH:1
end_of_record
TN:
SF:config/constants.js
FNF:0
FNH:0
DA:1,21
DA:14,21
DA:16,21
DA:18,21
LF:4
LH:4
BRF:0
BRH:0
end_of_record
TN:
SF:config/logger.js
FN:4,(anonymous_0)
FN:19,(anonymous_1)
FNF:2
FNH:2
FNDA:44,(anonymous_0)
FNDA:44,(anonymous_1)
DA:1,21
DA:2,21
DA:4,21
DA:5,44
DA:6,0
DA:8,44
DA:11,21
DA:19,44
DA:28,21
LF:9
LH:8
BRDA:5,0,0,0
BRDA:5,0,1,44
BRDA:12,1,0,0
BRDA:12,1,1,21
BRDA:15,2,0,0
BRDA:15,2,1,21
BRF:6
BRH:3
end_of_record
TN:
SF:config/morgan.js
FN:5,(anonymous_0)
FN:7,(anonymous_1)
FN:12,(anonymous_2)
FN:13,(anonymous_3)
FN:17,(anonymous_4)
FN:18,(anonymous_5)
FNF:6
FNH:6
FNDA:2,(anonymous_0)
FNDA:42,(anonymous_1)
FNDA:41,(anonymous_2)
FNDA:39,(anonymous_3)
FNDA:41,(anonymous_4)
FNDA:2,(anonymous_5)
DA:1,21
DA:2,21
DA:3,21
DA:5,21
DA:7,42
DA:8,21
DA:9,21
DA:11,21
DA:12,41
DA:13,39
DA:16,21
DA:17,41
DA:18,2
DA:21,21
LF:14
LH:14
BRDA:5,0,0,2
BRDA:5,0,1,1
BRDA:7,1,0,0
BRDA:7,1,1,42
BRF:4
BRH:3
end_of_record
TN:
SF:src/app.js
FN:51,(anonymous_0)
FN:66,(anonymous_1)
FN:74,(anonymous_2)
FNF:3
FNH:2
FNDA:41,(anonymous_0)
FNDA:0,(anonymous_1)
FNDA:1,(anonymous_2)
DA:1,21
DA:2,21
DA:3,21
DA:4,21
DA:5,21
DA:6,21
DA:7,21
DA:9,21
DA:10,21
DA:11,21
DA:13,21
DA:14,21
DA:15,21
DA:16,21
DA:18,21
DA:20,21
DA:21,21
DA:22,21
DA:26,21
DA:29,21
DA:32,21
DA:35,21
DA:36,21
DA:39,21
DA:51,21
DA:52,41
DA:53,41
DA:57,41
DA:60,21
DA:61,21
DA:62,21
DA:66,21
DA:67,0
DA:71,21
DA:74,21
DA:75,1
DA:79,21
DA:82,21
DA:84,21
LF:39
LH:38
BRDA:20,0,0,21
BRDA:20,0,1,0
BRF:2
BRH:1
end_of_record
TN:
SF:src/database.js
FN:10,(anonymous_0)
FN:29,(anonymous_1)
FNF:2
FNH:1
FNDA:21,(anonymous_0)
FNDA:0,(anonymous_1)
DA:2,21
DA:3,21
DA:4,21
DA:5,21
DA:7,21
DA:8,21
DA:10,21
DA:11,21
DA:12,21
DA:13,21
DA:14,21
DA:15,21
DA:18,21
DA:20,21
DA:21,0
DA:24,0
DA:25,0
DA:29,21
DA:30,0
DA:31,0
DA:32,0
DA:33,0
DA:36,0
DA:37,0
DA:41,21
LF:25
LH:16
BRDA:13,0,0,21
BRDA:13,0,1,0
BRDA:20,1,0,0
BRDA:20,1,1,21
BRDA:32,2,0,0
BRDA:32,2,1,0
BRF:6
BRH:2
end_of_record
TN:
SF:src/controllers/controllerHelpers/helpers.js
FNF:0
FNH:0
DA:1,21
DA:2,21
DA:3,21
DA:4,21
DA:6,21
DA:15,21
LF:6
LH:6
BRF:0
BRH:0
end_of_record
TN:
SF:src/controllers/controllerHelpers/chats/addChatIdToUserProfile.js
FN:7,(anonymous_0)
FN:8,(anonymous_1)
FN:9,(anonymous_2)
FNF:3
FNH:1
FNDA:21,(anonymous_0)
FNDA:0,(anonymous_1)
FNDA:0,(anonymous_2)
DA:1,21
DA:2,21
DA:4,21
DA:7,21
DA:8,21
DA:9,0
DA:11,0
DA:13,0
DA:14,0
DA:16,0
DA:19,0
DA:24,0
DA:26,0
DA:30,21
LF:14
LH:6
BRF:0
BRH:0
end_of_record
TN:
SF:src/controllers/controllerHelpers/chats/generateTwoUserChat.js
FN:4,(anonymous_0)
FN:9,(anonymous_1)
FNF:2
FNH:0
FNDA:0,(anonymous_0)
FNDA:0,(anonymous_1)
DA:1,21
DA:4,21
DA:9,0
DA:11,0
DA:14,21
LF:5
LH:3
BRF:0
BRH:0
end_of_record
TN:
SF:src/controllers/controllerHelpers/matches/fetchMatchRecord/index.js
FN:4,(anonymous_0)
FN:5,(anonymous_1)
FN:9,(anonymous_2)
FN:16,(anonymous_3)
FN:22,(anonymous_4)
FNF:5
FNH:4
FNDA:21,(anonymous_0)
FNDA:30,(anonymous_1)
FNDA:1,(anonymous_2)
FNDA:29,(anonymous_3)
FNDA:0,(anonymous_4)
DA:1,21
DA:4,21
DA:5,21
DA:6,30
DA:7,30
DA:8,1
DA:9,1
DA:10,1
DA:12,1
DA:15,29
DA:17,29
DA:18,12
DA:20,17
DA:23,0
DA:27,21
LF:15
LH:14
BRDA:6,0,0,30
BRDA:6,0,1,29
BRDA:7,1,0,1
BRDA:7,1,1,29
BRDA:7,2,0,30
BRDA:7,2,1,29
BRDA:17,3,0,12
BRDA:17,3,1,17
BRF:8
BRH:8
end_of_record
TN:
SF:src/controllers/controllerHelpers/matches/fetchUserMatchQueue/index.js
FN:4,(anonymous_0)
FN:5,(anonymous_1)
FN:8,(anonymous_2)
FN:16,(anonymous_3)
FNF:4
FNH:4
FNDA:21,(anonymous_0)
FNDA:14,(anonymous_1)
FNDA:1,(anonymous_2)
FNDA:13,(anonymous_3)
DA:1,21
DA:4,21
DA:5,21
DA:6,14
DA:7,1
DA:8,1
DA:9,1
DA:11,1
DA:14,13
DA:16,13
DA:17,13
DA:18,0
DA:20,13
DA:24,21
LF:14
LH:13
BRDA:6,0,0,1
BRDA:6,0,1,13
BRDA:6,1,0,14
BRDA:6,1,1,13
BRDA:6,1,2,13
BRDA:17,2,0,0
BRDA:17,2,1,13
BRF:7
BRH:6
end_of_record
TN:
SF:src/controllers/controllerHelpers/matches/removeUserFromMatchQueue/index.js
FN:4,(anonymous_0)
FN:5,(anonymous_1)
FN:8,(anonymous_2)
FN:17,(anonymous_3)
FN:23,(anonymous_4)
FN:28,(anonymous_5)
FNF:6
FNH:6
FNDA:21,(anonymous_0)
FNDA:2,(anonymous_1)
FNDA:1,(anonymous_2)
FNDA:1,(anonymous_3)
FNDA:1,(anonymous_4)
FNDA:1,(anonymous_5)
DA:1,21
DA:4,21
DA:5,21
DA:6,2
DA:7,1
DA:8,1
DA:9,1
DA:11,1
DA:14,1
DA:16,1
DA:18,1
DA:19,0
DA:21,1
DA:24,1
DA:25,1
DA:26,1
DA:30,1
DA:36,1
DA:38,1
DA:42,21
LF:20
LH:19
BRDA:6,0,0,1
BRDA:6,0,1,1
BRDA:6,1,0,2
BRDA:6,1,1,1
BRDA:6,1,2,1
BRDA:18,2,0,0
BRDA:18,2,1,1
BRF:7
BRH:6
end_of_record
TN:
SF:src/controllers/controllerHelpers/matches/updateUserMatchRecord/index.js
FN:6,(anonymous_0)
FN:7,(anonymous_1)
FN:15,(anonymous_2)
FN:22,(anonymous_3)
FN:27,(anonymous_4)
FNF:5
FNH:4
FNDA:21,(anonymous_0)
FNDA:14,(anonymous_1)
FNDA:1,(anonymous_2)
FNDA:13,(anonymous_3)
FNDA:0,(anonymous_4)
DA:1,21
DA:3,21
DA:6,21
DA:7,21
DA:8,14
DA:14,1
DA:15,1
DA:16,1
DA:18,1
DA:21,13
DA:23,13
DA:24,13
DA:28,0
DA:32,21
LF:14
LH:13
BRDA:8,0,0,1
BRDA:8,0,1,13
BRDA:9,1,0,14
BRDA:9,1,1,13
BRDA:9,1,2,13
BRDA:9,1,3,13
BRDA:23,2,0,13
BRDA:23,2,1,0
BRF:8
BRH:7
end_of_record
TN:
SF:src/controllers/controllerHelpers/user/createUserDocument/index.js
FN:4,(anonymous_0)
FN:5,(anonymous_1)
FN:7,(anonymous_2)
FN:14,(anonymous_3)
FNF:4
FNH:3
FNDA:21,(anonymous_0)
FNDA:28,(anonymous_1)
FNDA:28,(anonymous_2)
FNDA:0,(anonymous_3)
DA:1,21
DA:4,21
DA:5,21
DA:6,28
DA:8,28
DA:9,26
DA:11,2
DA:15,0
DA:20,21
LF:9
LH:8
BRDA:8,0,0,26
BRDA:8,0,1,2
BRF:2
BRH:2
end_of_record
TN:
SF:src/controllers/controllerHelpers/user/deleteUserDocument/index.js
FN:4,(anonymous_0)
FN:5,(anonymous_1)
FN:8,(anonymous_2)
FN:15,(anonymous_3)
FN:18,(anonymous_4)
FNF:5
FNH:4
FNDA:21,(anonymous_0)
FNDA:3,(anonymous_1)
FNDA:1,(anonymous_2)
FNDA:2,(anonymous_3)
FNDA:0,(anonymous_4)
DA:1,21
DA:4,21
DA:5,21
DA:6,3
DA:7,1
DA:8,1
DA:9,1
DA:11,1
DA:14,2
DA:16,2
DA:19,0
DA:23,21
LF:12
LH:11
BRDA:6,0,0,1
BRDA:6,0,1,2
BRDA:6,1,0,3
BRDA:6,1,1,2
BRDA:6,1,2,2
BRF:5
BRH:5
end_of_record
TN:
SF:src/controllers/controllerHelpers/user/fetchUserDocument/index.js
FN:4,(anonymous_0)
FN:5,(anonymous_1)
FN:8,(anonymous_2)
FN:15,(anonymous_3)
FN:22,(anonymous_4)
FNF:5
FNH:4
FNDA:21,(anonymous_0)
FNDA:29,(anonymous_1)
FNDA:1,(anonymous_2)
FNDA:28,(anonymous_3)
FNDA:0,(anonymous_4)
DA:1,21
DA:4,21
DA:5,21
DA:6,29
DA:7,1
DA:8,1
DA:9,1
DA:11,1
DA:14,28
DA:16,28
DA:17,22
DA:19,6
DA:23,0
DA:27,21
LF:14
LH:13
BRDA:6,0,0,1
BRDA:6,0,1,28
BRDA:6,1,0,29
BRDA:6,1,1,28
BRDA:16,2,0,22
BRDA:16,2,1,6
BRF:6
BRH:6
end_of_record
TN:
SF:src/controllers/controllerHelpers/user/updateUserDocument/index.js
FN:6,(anonymous_0)
FN:7,(anonymous_1)
FN:15,(anonymous_2)
FN:22,(anonymous_3)
FN:29,(anonymous_4)
FNF:5
FNH:4
FNDA:21,(anonymous_0)
FNDA:5,(anonymous_1)
FNDA:1,(anonymous_2)
FNDA:4,(anonymous_3)
FNDA:0,(anonymous_4)
DA:1,21
DA:3,21
DA:6,21
DA:7,21
DA:8,5
DA:14,1
DA:15,1
DA:16,1
DA:18,1
DA:21,4
DA:23,4
DA:24,4
DA:26,0
DA:30,0
DA:34,21
LF:15
LH:13
BRDA:8,0,0,1
BRDA:8,0,1,4
BRDA:9,1,0,5
BRDA:9,1,1,4
BRDA:9,1,2,4
BRDA:9,1,3,4
BRDA:23,2,0,4
BRDA:23,2,1,0
BRF:8
BRH:7
end_of_record
TN:
SF:src/controllers/controllerHelpers/zipcodes/addUserToZipcodePool/index.js
FN:4,(anonymous_0)
FN:5,(anonymous_1)
FN:8,(anonymous_2)
FN:15,(anonymous_3)
FN:33,(anonymous_4)
FN:36,(anonymous_5)
FNF:6
FNH:5
FNDA:21,(anonymous_0)
FNDA:6,(anonymous_1)
FNDA:1,(anonymous_2)
FNDA:5,(anonymous_3)
FNDA:5,(anonymous_4)
FNDA:0,(anonymous_5)
DA:1,21
DA:4,21
DA:5,21
DA:6,6
DA:7,1
DA:8,1
DA:9,1
DA:11,1
DA:14,5
DA:16,5
DA:18,5
DA:19,1
DA:22,5
DA:24,5
DA:25,5
DA:30,5
DA:31,5
DA:34,5
DA:37,0
DA:41,21
LF:20
LH:19
BRDA:6,0,0,1
BRDA:6,0,1,5
BRDA:6,1,0,6
BRDA:6,1,1,5
BRDA:6,1,2,5
BRDA:18,2,0,1
BRDA:18,2,1,4
BRF:7
BRH:7
end_of_record
TN:
SF:src/controllers/controllerHelpers/zipcodes/removeUserFromZipcodePool/index.js
FN:4,(anonymous_0)
FN:5,(anonymous_1)
FN:8,(anonymous_2)
FN:15,(anonymous_3)
FN:36,(anonymous_4)
FNF:5
FNH:4
FNDA:21,(anonymous_0)
FNDA:3,(anonymous_1)
FNDA:1,(anonymous_2)
FNDA:2,(anonymous_3)
FNDA:0,(anonymous_4)
DA:1,21
DA:4,21
DA:5,21
DA:6,3
DA:7,1
DA:8,1
DA:9,1
DA:11,1
DA:14,2
DA:16,2
DA:18,2
DA:19,1
DA:22,2
DA:23,1
DA:26,2
DA:27,2
DA:32,2
DA:34,2
DA:37,0
DA:41,21
LF:20
LH:19
BRDA:6,0,0,1
BRDA:6,0,1,2
BRDA:6,1,0,3
BRDA:6,1,1,2
BRDA:6,1,2,2
BRDA:18,2,0,1
BRDA:18,2,1,1
BRDA:22,3,0,1
BRDA:22,3,1,1
BRF:9
BRH:9
end_of_record
TN:
SF:src/controllers/matches/index.js
FN:15,(anonymous_0)
FN:21,(anonymous_1)
FN:26,(anonymous_2)
FN:34,(anonymous_3)
FN:42,(anonymous_4)
FN:49,(anonymous_5)
FN:54,(anonymous_6)
FN:60,(anonymous_7)
FNF:8
FNH:2
FNDA:0,(anonymous_0)
FNDA:0,(anonymous_1)
FNDA:0,(anonymous_2)
FNDA:0,(anonymous_3)
FNDA:0,(anonymous_4)
FNDA:0,(anonymous_5)
FNDA:8,(anonymous_6)
FNDA:8,(anonymous_7)
DA:1,21
DA:2,21
DA:3,21
DA:4,21
DA:5,21
DA:7,21
DA:9,21
DA:10,21
DA:12,21
DA:14,21
DA:16,0
DA:21,0
DA:22,0
DA:25,0
DA:30,0
DA:32,0
DA:35,0
DA:37,0
DA:38,0
DA:42,0
DA:43,0
DA:46,0
DA:50,0
DA:55,8
DA:60,8
DA:65,8
DA:67,8
DA:68,6
DA:69,2
DA:70,2
LF:30
LH:17
BRDA:37,0,0,0
BRDA:37,0,1,0
BRDA:67,1,0,6
BRDA:67,1,1,2
BRDA:69,2,0,2
BRDA:69,2,1,0
BRF:6
BRH:3
end_of_record
TN:
SF:src/controllers/matches/documentUserSwipeAccept/handleFirstTimeAccept.js
FN:6,(anonymous_0)
FN:7,(anonymous_1)
FN:11,(anonymous_2)
FN:17,(anonymous_3)
FN:21,(anonymous_4)
FN:35,(anonymous_5)
FN:37,(anonymous_6)
FN:38,(anonymous_7)
FNF:8
FNH:8
FNDA:8,(anonymous_0)
FNDA:8,(anonymous_1)
FNDA:8,(anonymous_2)
FNDA:8,(anonymous_3)
FNDA:8,(anonymous_4)
FNDA:8,(anonymous_5)
FNDA:8,(anonymous_6)
FNDA:8,(anonymous_7)
DA:1,21
DA:3,21
DA:6,21
DA:7,8
DA:8,8
DA:10,8
DA:12,8
DA:13,1
DA:15,7
DA:18,8
DA:19,8
DA:23,8
DA:29,8
DA:31,8
DA:35,21
DA:36,8
DA:37,8
DA:39,8
DA:43,21
LF:19
LH:19
BRDA:12,0,0,1
BRDA:12,0,1,7
BRF:2
BRH:2
end_of_record
TN:
SF:src/controllers/matches/documentUserSwipeAccept/handleMutualAccept.js
FN:9,(anonymous_0)
FN:11,(anonymous_1)
FN:14,(anonymous_2)
FN:16,(anonymous_3)
FN:24,(anonymous_4)
FN:26,(anonymous_5)
FN:28,(anonymous_6)
FNF:7
FNH:0
FNDA:0,(anonymous_0)
FNDA:0,(anonymous_1)
FNDA:0,(anonymous_2)
FNDA:0,(anonymous_3)
FNDA:0,(anonymous_4)
FNDA:0,(anonymous_5)
FNDA:0,(anonymous_6)
DA:1,21
DA:2,21
DA:3,21
DA:5,21
DA:6,21
DA:7,21
DA:9,21
DA:10,0
DA:12,0
DA:15,0
DA:17,0
DA:24,0
DA:27,0
DA:29,0
DA:35,21
LF:15
LH:8
BRF:0
BRH:0
end_of_record
TN:
SF:src/controllers/matches/documentUserSwipeAccept/index.js
FN:14,(anonymous_0)
FN:18,(anonymous_1)
FN:27,(anonymous_2)
FN:33,(anonymous_3)
FN:43,(anonymous_4)
FN:47,(anonymous_5)
FN:58,(anonymous_6)
FN:64,(anonymous_7)
FN:68,(anonymous_8)
FNF:9
FNH:8
FNDA:10,(anonymous_0)
FNDA:2,(anonymous_1)
FNDA:8,(anonymous_2)
FNDA:8,(anonymous_3)
FNDA:8,(anonymous_4)
FNDA:8,(anonymous_5)
FNDA:8,(anonymous_6)
FNDA:8,(anonymous_7)
FNDA:0,(anonymous_8)
DA:1,21
DA:2,21
DA:3,21
DA:4,21
DA:6,21
DA:7,21
DA:8,21
DA:9,21
DA:11,21
DA:12,21
DA:14,21
DA:15,10
DA:16,10
DA:17,2
DA:18,2
DA:19,2
DA:21,2
DA:24,8
DA:26,8
DA:29,8
DA:30,8
DA:31,8
DA:35,8
DA:40,8
DA:41,8
DA:45,8
DA:48,8
DA:52,0
DA:55,8
DA:59,8
DA:64,8
DA:65,8
DA:69,0
DA:73,21
LF:34
LH:32
BRDA:15,0,0,10
BRDA:15,0,1,9
BRDA:16,1,0,2
BRDA:16,1,1,8
BRDA:16,2,0,10
BRDA:16,2,1,8
BRDA:16,2,2,8
BRDA:16,2,3,8
BRDA:48,3,0,0
BRDA:48,3,1,8
BRF:10
BRH:9
end_of_record
TN:
SF:src/controllers/matches/documentUserSwipeReject/index.js
FN:13,(anonymous_0)
FN:17,(anonymous_1)
FN:25,(anonymous_2)
FN:31,(anonymous_3)
FN:41,(anonymous_4)
FN:45,(anonymous_5)
FN:48,(anonymous_6)
FN:49,(anonymous_7)
FN:55,(anonymous_8)
FN:60,(anonymous_9)
FN:66,(anonymous_10)
FN:70,(anonymous_11)
FNF:12
FNH:9
FNDA:6,(anonymous_0)
FNDA:2,(anonymous_1)
FNDA:4,(anonymous_2)
FNDA:4,(anonymous_3)
FNDA:4,(anonymous_4)
FNDA:4,(anonymous_5)
FNDA:0,(anonymous_6)
FNDA:0,(anonymous_7)
FNDA:4,(anonymous_8)
FNDA:4,(anonymous_9)
FNDA:2,(anonymous_10)
FNDA:0,(anonymous_11)
DA:1,21
DA:2,21
DA:3,21
DA:4,21
DA:6,21
DA:7,21
DA:8,21
DA:9,21
DA:10,21
DA:11,21
DA:13,21
DA:14,6
DA:15,6
DA:16,2
DA:17,2
DA:18,2
DA:20,2
DA:23,4
DA:24,4
DA:27,4
DA:28,4
DA:29,4
DA:33,4
DA:38,4
DA:39,4
DA:43,4
DA:46,4
DA:48,0
DA:49,0
DA:50,0
DA:55,4
DA:56,4
DA:61,4
DA:66,4
DA:67,2
DA:71,0
DA:75,21
LF:37
LH:33
BRDA:14,0,0,6
BRDA:14,0,1,5
BRDA:15,1,0,2
BRDA:15,1,1,4
BRDA:15,2,0,6
BRDA:15,2,1,4
BRDA:15,2,2,4
BRDA:46,3,0,0
BRDA:46,3,1,4
BRF:9
BRH:8
end_of_record
TN:
SF:src/controllers/matches/randomUserFromZipPool/index.js
FN:8,(anonymous_0)
FN:12,(anonymous_1)
FN:21,(anonymous_2)
FN:30,(anonymous_3)
FN:48,(anonymous_4)
FN:63,(anonymous_5)
FN:72,(anonymous_6)
FNF:7
FNH:6
FNDA:6,(anonymous_0)
FNDA:3,(anonymous_1)
FNDA:3,(anonymous_2)
FNDA:3,(anonymous_3)
FNDA:3,(anonymous_4)
FNDA:3,(anonymous_5)
FNDA:0,(anonymous_6)
DA:1,21
DA:2,21
DA:3,21
DA:4,21
DA:6,21
DA:8,21
DA:9,6
DA:10,6
DA:11,3
DA:12,3
DA:13,3
DA:15,3
DA:18,3
DA:20,3
DA:22,3
DA:24,1
DA:25,1
DA:27,2
DA:32,3
DA:34,3
DA:35,2
DA:37,1
DA:38,1
DA:39,1
DA:40,1
DA:41,1
DA:45,1
DA:49,3
DA:50,2
DA:53,1
DA:54,1
DA:56,1
DA:57,1
DA:58,1
DA:60,0
DA:64,3
DA:67,3
DA:73,0
DA:77,21
LF:39
LH:37
BRDA:9,0,0,6
BRDA:9,0,1,4
BRDA:10,1,0,3
BRDA:10,1,1,3
BRDA:10,2,0,6
BRDA:10,2,1,3
BRDA:10,2,2,3
BRDA:10,2,3,3
BRDA:22,3,0,1
BRDA:22,3,1,2
BRDA:25,4,0,1
BRDA:25,4,1,0
BRDA:34,5,0,2
BRDA:34,5,1,1
BRDA:40,6,0,1
BRDA:40,6,1,0
BRDA:49,7,0,2
BRDA:49,7,1,1
BRDA:57,8,0,1
BRDA:57,8,1,0
BRDA:68,9,0,1
BRDA:68,9,1,2
BRF:22
BRH:19
end_of_record
TN:
SF:src/controllers/matches/randomUserFromZipPool/verifyUserMatchStatuses/index.js
FN:6,(anonymous_0)
FN:7,(anonymous_1)
FN:13,(anonymous_2)
FN:25,(anonymous_3)
FN:26,(anonymous_4)
FN:40,(anonymous_5)
FN:43,(anonymous_6)
FN:47,(anonymous_7)
FN:51,(anonymous_8)
FNF:9
FNH:8
FNDA:21,(anonymous_0)
FNDA:8,(anonymous_1)
FNDA:2,(anonymous_2)
FNDA:12,(anonymous_3)
FNDA:12,(anonymous_4)
FNDA:6,(anonymous_5)
FNDA:6,(anonymous_6)
FNDA:6,(anonymous_7)
FNDA:0,(anonymous_8)
DA:1,21
DA:3,21
DA:6,21
DA:7,21
DA:8,8
DA:10,8
DA:11,8
DA:12,2
DA:13,2
DA:14,2
DA:16,2
DA:19,6
DA:22,6
DA:25,6
DA:26,12
DA:27,12
DA:28,2
DA:30,2
DA:31,2
DA:32,2
DA:33,2
DA:39,6
DA:41,6
DA:44,6
DA:45,6
DA:48,6
DA:49,6
DA:52,0
DA:56,21
LF:29
LH:28
BRDA:10,0,0,8
BRDA:10,0,1,7
BRDA:11,1,0,2
BRDA:11,1,1,6
BRDA:11,2,0,8
BRDA:11,2,1,6
BRDA:11,2,2,6
BRDA:27,3,0,2
BRDA:27,3,1,10
BRDA:27,4,0,12
BRDA:27,4,1,2
BRDA:31,5,0,2
BRDA:31,5,1,0
BRF:13
BRH:12
end_of_record
TN:
SF:src/controllers/profile/index.js
FN:14,(anonymous_0)
FN:28,(anonymous_1)
FN:43,(anonymous_2)
FN:57,(anonymous_3)
FN:65,(anonymous_4)
FN:66,(anonymous_5)
FNF:6
FNH:6
FNDA:1,(anonymous_0)
FNDA:1,(anonymous_1)
FNDA:1,(anonymous_2)
FNDA:1,(anonymous_3)
FNDA:1,(anonymous_4)
FNDA:1,(anonymous_5)
DA:1,21
DA:2,21
DA:3,21
DA:4,21
DA:5,21
DA:6,21
DA:8,21
DA:9,21
DA:11,21
DA:13,21
DA:15,1
DA:20,1
DA:29,1
DA:34,1
DA:44,1
DA:49,1
DA:58,1
DA:59,1
DA:60,1
DA:65,1
DA:66,1
DA:67,1
DA:68,1
DA:70,0
LF:24
LH:23
BRDA:67,0,0,1
BRDA:67,0,1,0
BRF:2
BRH:1
end_of_record
TN:
SF:src/controllers/profile/getUserProfile/index.js
FN:1,(anonymous_0)
FN:18,(anonymous_1)
FN:19,(anonymous_2)
FN:24,(anonymous_3)
FN:25,(anonymous_4)
FN:33,(anonymous_5)
FNF:6
FNH:6
FNDA:1,(anonymous_0)
FNDA:2,(anonymous_1)
FNDA:2,(anonymous_2)
FNDA:2,(anonymous_3)
FNDA:2,(anonymous_4)
FNDA:2,(anonymous_5)
DA:1,21
DA:2,1
DA:3,1
DA:17,21
DA:19,2
DA:20,2
DA:21,2
DA:22,2
DA:24,2
DA:25,2
DA:26,2
DA:27,2
DA:28,1
DA:30,2
DA:33,2
DA:34,2
LF:16
LH:16
BRDA:18,0,0,1
BRDA:22,1,0,2
BRDA:22,1,1,0
BRDA:26,2,0,2
BRDA:26,2,1,0
BRDA:27,3,0,1
BRDA:27,3,1,1
BRF:7
BRH:5
end_of_record
TN:
SF:src/controllers/profile/updateUserProfile/index.js
FN:5,(anonymous_0)
FN:5,(anonymous_1)
FN:9,(anonymous_2)
FN:21,(anonymous_3)
FN:31,(anonymous_4)
FNF:5
FNH:5
FNDA:1,(anonymous_0)
FNDA:1,(anonymous_1)
FNDA:1,(anonymous_2)
FNDA:1,(anonymous_3)
FNDA:1,(anonymous_4)
DA:1,21
DA:2,21
DA:4,21
DA:5,1
DA:6,1
DA:7,1
DA:9,1
DA:11,1
DA:12,1
DA:13,1
DA:16,1
DA:19,1
DA:21,1
DA:22,1
DA:24,1
DA:31,1
DA:32,1
LF:17
LH:17
BRDA:12,0,0,1
BRDA:12,0,1,0
BRF:2
BRH:1
end_of_record
TN:
SF:src/controllers/signup/index.js
FN:26,(anonymous_0)
FN:44,(anonymous_1)
FN:45,(anonymous_2)
FNF:3
FNH:3
FNDA:26,(anonymous_0)
FNDA:26,(anonymous_1)
FNDA:25,(anonymous_2)
DA:1,21
DA:2,21
DA:3,21
DA:4,21
DA:6,21
DA:23,21
DA:25,21
DA:27,26
DA:32,26
DA:34,26
DA:37,26
DA:39,26
DA:44,26
DA:45,26
DA:46,25
LF:15
LH:15
BRF:0
BRH:0
end_of_record
TN:
SF:src/controllers/zipcodes/index.js
FN:14,(anonymous_0)
FN:14,(anonymous_1)
FN:15,(anonymous_2)
FN:21,(anonymous_3)
FN:24,(anonymous_4)
FN:45,(anonymous_5)
FN:46,(anonymous_6)
FN:48,(anonymous_7)
FN:53,(anonymous_8)
FN:57,(anonymous_9)
FN:64,(anonymous_10)
FN:70,(anonymous_11)
FN:77,(anonymous_12)
FN:82,(anonymous_13)
FN:94,(anonymous_14)
FN:100,(anonymous_15)
FN:104,(anonymous_16)
FN:114,(anonymous_17)
FNF:18
FNH:13
FNDA:2,(anonymous_0)
FNDA:2,(anonymous_1)
FNDA:2,(anonymous_2)
FNDA:2,(anonymous_3)
FNDA:2,(anonymous_4)
FNDA:2,(anonymous_5)
FNDA:2,(anonymous_6)
FNDA:2,(anonymous_7)
FNDA:2,(anonymous_8)
FNDA:0,(anonymous_9)
FNDA:1,(anonymous_10)
FNDA:1,(anonymous_11)
FNDA:1,(anonymous_12)
FNDA:1,(anonymous_13)
FNDA:0,(anonymous_14)
FNDA:0,(anonymous_15)
FNDA:0,(anonymous_16)
FNDA:0,(anonymous_17)
DA:1,21
DA:2,21
DA:3,21
DA:4,21
DA:5,21
DA:6,21
DA:7,21
DA:8,21
DA:9,21
DA:11,21
DA:14,21
DA:15,2
DA:16,2
DA:17,2
DA:20,2
DA:22,2
DA:25,2
DA:26,2
DA:28,2
DA:30,2
DA:33,2
DA:38,2
DA:40,2
DA:42,0
DA:46,2
DA:49,2
DA:53,2
DA:54,2
DA:58,0
DA:63,21
DA:65,1
DA:70,1
DA:71,1
DA:72,1
DA:75,1
DA:78,1
DA:82,1
DA:83,1
DA:84,1
DA:85,1
DA:88,1
DA:95,0
DA:100,0
DA:101,0
DA:103,0
DA:105,0
DA:106,0
DA:111,0
DA:115,0
LF:49
LH:39
BRDA:25,0,0,2
BRDA:25,0,1,0
BRDA:105,1,0,0
BRDA:105,1,1,0
BRF:4
BRH:1
end_of_record
TN:
SF:src/middlewares/error.js
FN:7,(anonymous_0)
FN:22,(anonymous_1)
FNF:2
FNH:2
FNDA:1,(anonymous_0)
FNDA:1,(anonymous_1)
DA:1,21
DA:2,21
DA:3,21
DA:4,21
DA:5,21
DA:7,21
DA:8,1
DA:9,1
DA:11,0
DA:15,0
DA:16,0
DA:18,1
DA:22,21
DA:23,1
DA:24,1
DA:25,0
DA:26,0
DA:29,1
DA:31,1
DA:37,1
DA:38,0
DA:41,1
DA:44,21
LF:23
LH:17
BRDA:9,0,0,0
BRDA:9,0,1,1
BRDA:11,1,0,0
BRDA:11,1,1,0
BRDA:12,2,0,0
BRDA:12,2,1,0
BRDA:15,3,0,0
BRDA:15,3,1,0
BRDA:24,4,0,0
BRDA:24,4,1,1
BRDA:24,5,0,1
BRDA:24,5,1,0
BRDA:34,6,0,1
BRDA:34,6,1,0
BRDA:37,7,0,0
BRDA:37,7,1,1
BRF:16
BRH:5
end_of_record
TN:
SF:src/middlewares/rateLimiter.js
FNF:0
FNH:0
DA:1,21
DA:3,21
DA:9,21
LF:3
LH:3
BRF:0
BRH:0
end_of_record
TN:
SF:src/models/index.js
FNF:0
FNH:0
DA:1,21
LF:1
LH:1
BRF:0
BRH:0
end_of_record
TN:
SF:src/models/DogUser/index.js
FNF:0
FNH:0
DA:1,21
DA:2,21
DA:4,21
DA:67,21
LF:4
LH:4
BRF:0
BRH:0
end_of_record
TN:
SF:src/models/MatchQueue/index.js
FNF:0
FNH:0
DA:1,21
DA:2,21
DA:4,21
DA:15,21
LF:4
LH:4
BRF:0
BRH:0
end_of_record
TN:
SF:src/models/MatchRecords/index.js
FNF:0
FNH:0
DA:1,21
DA:2,21
DA:4,21
DA:15,21
LF:4
LH:4
BRF:0
BRH:0
end_of_record
TN:
SF:src/models/ZipcodePool/index.js
FNF:0
FNH:0
DA:1,21
DA:2,21
DA:4,21
DA:15,21
LF:4
LH:4
BRF:0
BRH:0
end_of_record
TN:
SF:src/routes/index.js
FNF:0
FNH:0
DA:1,21
DA:2,21
DA:3,21
DA:4,21
DA:5,21
DA:6,21
DA:7,21
DA:9,21
DA:11,21
DA:12,21
DA:13,21
DA:14,21
DA:16,21
LF:13
LH:13
BRF:0
BRH:0
end_of_record
TN:
SF:src/routes/matchesRoutes/index.js
FNF:0
FNH:0
DA:1,21
DA:5,21
DA:6,21
DA:7,21
DA:9,21
DA:11,21
DA:12,21
DA:14,21
LF:8
LH:8
BRF:0
BRH:0
end_of_record
TN:
SF:src/routes/profileRoutes/index.js
FNF:0
FNH:0
DA:1,21
DA:7,21
DA:8,21
DA:9,21
DA:11,21
DA:13,21
DA:14,21
DA:15,21
DA:16,21
DA:18,21
LF:10
LH:10
BRF:0
BRH:0
end_of_record
TN:
SF:src/routes/signupRoutes/index.js
FNF:0
FNH:0
DA:1,21
DA:2,21
DA:6,21
DA:8,21
DA:10,21
LF:5
LH:5
BRF:0
BRH:0
end_of_record
TN:
SF:src/routes/zipcodesRoutes/index.js
FNF:0
FNH:0
DA:1,21
DA:6,21
DA:7,21
DA:8,21
DA:10,21
DA:12,21
DA:13,21
DA:14,21
DA:16,21
LF:9
LH:9
BRF:0
BRH:0
end_of_record
TN:
SF:src/utils/ApiError.js
FN:2,(anonymous_0)
FNF:1
FNH:1
FNDA:1,(anonymous_0)
DA:3,1
DA:4,1
DA:5,1
DA:6,1
DA:7,0
DA:9,1
DA:14,21
LF:7
LH:6
BRDA:2,0,0,1
BRDA:2,1,0,1
BRDA:6,2,0,0
BRDA:6,2,1,1
BRF:4
BRH:3
end_of_record
TN:
SF:src/utils/handleErrorResponse.js
FN:3,(anonymous_0)
FNF:1
FNH:1
FNDA:3,(anonymous_0)
DA:1,21
DA:3,21
DA:4,3
DA:5,3
DA:6,3
DA:8,3
DA:9,3
DA:11,3
DA:12,3
DA:16,21
LF:10
LH:10
BRDA:3,0,0,0
BRDA:5,1,0,3
BRDA:5,1,1,0
BRDA:8,2,0,3
BRDA:8,2,1,0
BRDA:11,3,0,3
BRDA:11,3,1,0
BRF:7
BRH:3
end_of_record
TN:
SF:src/utils/verifyKeyDataType.js
FN:3,(anonymous_0)
FNF:1
FNH:1
FNDA:131,(anonymous_0)
DA:1,21
DA:3,21
DA:4,131
DA:6,131
DA:7,0
DA:8,0
DA:10,131
DA:13,21
LF:8
LH:6
BRDA:6,0,0,0
BRDA:6,0,1,131
BRF:2
BRH:1
end_of_record
TN:
SF:src/utils/verifyEndpointRequest/index.js
FN:12,(anonymous_0)
FNF:1
FNH:1
FNDA:44,(anonymous_0)
DA:6,21
DA:8,21
DA:10,21
DA:12,21
DA:19,44
DA:20,1
DA:27,43
DA:29,42
DA:50,42
DA:51,124
DA:53,124
DA:54,43
DA:55,100
DA:57,100
DA:58,0
DA:63,0
DA:66,99
DA:67,0
DA:72,0
DA:78,41
DA:81,21
LF:21
LH:17
BRDA:19,0,0,1
BRDA:19,0,1,43
BRDA:19,1,0,44
BRDA:19,1,1,44
BRDA:53,2,0,43
BRDA:53,2,1,81
BRDA:57,3,0,0
BRDA:57,3,1,99
BRDA:57,4,0,100
BRDA:57,4,1,0
BRDA:66,5,0,0
BRDA:66,5,1,99
BRF:12
BRH:9
end_of_record
TN:
SF:src/utils/verifyEndpointResponse/index.js
FN:13,(anonymous_0)
FNF:1
FNH:1
FNDA:25,(anonymous_0)
DA:7,21
DA:9,21
DA:11,21
DA:13,21
DA:19,25
DA:20,25
DA:21,1
DA:24,24
DA:29,23
DA:30,0
DA:31,0
DA:34,23
DA:35,35
DA:37,35
DA:38,3
DA:39,3
DA:42,32
DA:43,0
DA:44,0
DA:48,20
DA:51,21
LF:21
LH:17
BRDA:19,0,0,25
BRDA:19,0,1,17
BRDA:20,1,0,1
BRDA:20,1,1,24
BRDA:20,2,0,25
BRDA:20,2,1,25
BRDA:29,3,0,0
BRDA:29,3,1,23
BRDA:37,4,0,3
BRDA:37,4,1,32
BRDA:42,5,0,0
BRDA:42,5,1,32
BRF:12
BRH:10
end_of_record
TN:
SF:tests/utils/mockUsers.js
FN:6,(anonymous_0)
FN:43,(anonymous_1)
FN:49,(anonymous_2)
FN:53,(anonymous_3)
FNF:4
FNH:4
FNDA:21,(anonymous_0)
FNDA:23,(anonymous_1)
FNDA:23,(anonymous_2)
FNDA:23,(anonymous_3)
DA:1,21
DA:3,21
DA:4,21
DA:6,21
DA:44,23
DA:45,23
DA:46,23
DA:47,23
DA:49,23
DA:50,23
DA:54,23
DA:55,23
LF:12
LH:12
BRDA:55,0,0,0
BRDA:55,0,1,23
BRF:2
BRH:1
end_of_record
TN:
SF:tests/utils/test-helpers.js
FN:8,(anonymous_0)
FN:11,(anonymous_1)
FNF:2
FNH:1
FNDA:4,(anonymous_0)
FNDA:0,(anonymous_1)
DA:1,21
DA:3,21
DA:7,21
DA:8,4
DA:11,0
DA:13,21
DA:14,21
DA:15,21
DA:16,21
DA:17,21
DA:18,21
DA:19,21
LF:12
LH:11
BRF:0
BRH:0
end_of_record
